{"numTotalTestSuites":10,"numPassedTestSuites":10,"numFailedTestSuites":0,"numPendingTestSuites":0,"numTotalTests":34,"numPassedTests":34,"numFailedTests":0,"numPendingTests":0,"numTodoTests":0,"snapshot":{"added":0,"failure":false,"filesAdded":0,"filesRemoved":0,"filesRemovedList":[],"filesUnmatched":0,"filesUpdated":0,"matched":3,"total":3,"unchecked":0,"uncheckedKeysByFile":[],"unmatched":0,"updated":0,"didUpdate":false},"startTime":1764195447094,"success":true,"testResults":[{"assertionResults":[{"ancestorTitles":["RulesBuilderService","Edge Cases - Empty/Invalid Input"],"fullName":"RulesBuilderService Edge Cases - Empty/Invalid Input should handle empty relationships array","status":"passed","title":"should handle empty relationships array","duration":4.511599999999817,"failureMessages":[],"meta":{}},{"ancestorTitles":["RulesBuilderService","Edge Cases - Empty/Invalid Input"],"fullName":"RulesBuilderService Edge Cases - Empty/Invalid Input should handle null relationships array","status":"passed","title":"should handle null relationships array","duration":1.3577000000000226,"failureMessages":[],"meta":{}},{"ancestorTitles":["RulesBuilderService","Edge Cases - Empty/Invalid Input"],"fullName":"RulesBuilderService Edge Cases - Empty/Invalid Input should handle undefined relationships array","status":"passed","title":"should handle undefined relationships array","duration":0.790599999999813,"failureMessages":[],"meta":{}},{"ancestorTitles":["RulesBuilderService","Edge Cases - Empty/Invalid Input"],"fullName":"RulesBuilderService Edge Cases - Empty/Invalid Input should handle empty guests array","status":"passed","title":"should handle empty guests array","duration":1.9910999999999603,"failureMessages":[],"meta":{}},{"ancestorTitles":["RulesBuilderService","Edge Cases - Empty/Invalid Input"],"fullName":"RulesBuilderService Edge Cases - Empty/Invalid Input should handle null guests array","status":"passed","title":"should handle null guests array","duration":1.1925000000001091,"failureMessages":[],"meta":{}},{"ancestorTitles":["RulesBuilderService","Edge Cases - Empty/Invalid Input"],"fullName":"RulesBuilderService Edge Cases - Empty/Invalid Input should skip relationships where guest IDs do not exist","status":"passed","title":"should skip relationships where guest IDs do not exist","duration":2.440499999999929,"failureMessages":[],"meta":{}},{"ancestorTitles":["RulesBuilderService","Relationship Type Handling"],"fullName":"RulesBuilderService Relationship Type Handling should handle friend relationships with seat_together action","status":"passed","title":"should handle friend relationships with seat_together action","duration":18.267399999999952,"failureMessages":[],"meta":{}},{"ancestorTitles":["RulesBuilderService","Relationship Type Handling"],"fullName":"RulesBuilderService Relationship Type Handling should handle family relationships with seat_together action","status":"passed","title":"should handle family relationships with seat_together action","duration":6.7181000000000495,"failureMessages":[],"meta":{}},{"ancestorTitles":["RulesBuilderService","Relationship Type Handling"],"fullName":"RulesBuilderService Relationship Type Handling should handle romantic relationships with critical priority","status":"passed","title":"should handle romantic relationships with critical priority","duration":0.8178000000000338,"failureMessages":[],"meta":{}},{"ancestorTitles":["RulesBuilderService","Relationship Type Handling"],"fullName":"RulesBuilderService Relationship Type Handling should handle conflict relationships with keep_separate action","status":"passed","title":"should handle conflict relationships with keep_separate action","duration":2.8940999999999804,"failureMessages":[],"meta":{}},{"ancestorTitles":["RulesBuilderService","Relationship Type Handling"],"fullName":"RulesBuilderService Relationship Type Handling should handle colleague relationships with medium priority","status":"passed","title":"should handle colleague relationships with medium priority","duration":0.5724999999999909,"failureMessages":[],"meta":{}},{"ancestorTitles":["RulesBuilderService","Relationship Type Handling"],"fullName":"RulesBuilderService Relationship Type Handling should handle unknown relationship types as 'other'","status":"passed","title":"should handle unknown relationship types as 'other'","duration":0.4981000000000222,"failureMessages":[],"meta":{}},{"ancestorTitles":["RulesBuilderService","Relationship Type Handling"],"fullName":"RulesBuilderService Relationship Type Handling should handle null relationship_type as 'other'","status":"passed","title":"should handle null relationship_type as 'other'","duration":0.3585000000000491,"failureMessages":[],"meta":{}},{"ancestorTitles":["RulesBuilderService","Relationship Type Handling"],"fullName":"RulesBuilderService Relationship Type Handling should normalize relationship types (case-insensitive, trim whitespace)","status":"passed","title":"should normalize relationship types (case-insensitive, trim whitespace)","duration":9.035700000000134,"failureMessages":[],"meta":{}},{"ancestorTitles":["RulesBuilderService","Strength Labels"],"fullName":"RulesBuilderService Strength Labels should label strength >= 9 as 'Very Strong'","status":"passed","title":"should label strength >= 9 as 'Very Strong'","duration":0.4697999999998501,"failureMessages":[],"meta":{}},{"ancestorTitles":["RulesBuilderService","Strength Labels"],"fullName":"RulesBuilderService Strength Labels should label strength 7-8 as 'Strong'","status":"passed","title":"should label strength 7-8 as 'Strong'","duration":0.34120000000007167,"failureMessages":[],"meta":{}},{"ancestorTitles":["RulesBuilderService","Strength Labels"],"fullName":"RulesBuilderService Strength Labels should label strength 5-6 as 'Moderate'","status":"passed","title":"should label strength 5-6 as 'Moderate'","duration":0.41679999999996653,"failureMessages":[],"meta":{}},{"ancestorTitles":["RulesBuilderService","Strength Labels"],"fullName":"RulesBuilderService Strength Labels should label strength 3-4 as 'Weak'","status":"passed","title":"should label strength 3-4 as 'Weak'","duration":0.314600000000155,"failureMessages":[],"meta":{}},{"ancestorTitles":["RulesBuilderService","Strength Labels"],"fullName":"RulesBuilderService Strength Labels should label strength 0-2 as 'Very Weak'","status":"passed","title":"should label strength 0-2 as 'Very Weak'","duration":0.3168000000000575,"failureMessages":[],"meta":{}},{"ancestorTitles":["RulesBuilderService","Strength Labels"],"fullName":"RulesBuilderService Strength Labels should label null strength as 'Unspecified'","status":"passed","title":"should label null strength as 'Unspecified'","duration":0.2620999999999185,"failureMessages":[],"meta":{}},{"ancestorTitles":["RulesBuilderService","Strength Labels"],"fullName":"RulesBuilderService Strength Labels should handle undefined strength as 'Unspecified'","status":"passed","title":"should handle undefined strength as 'Unspecified'","duration":0.49459999999999127,"failureMessages":[],"meta":{}},{"ancestorTitles":["RulesBuilderService","Sorting and Priority"],"fullName":"RulesBuilderService Sorting and Priority should sort relationships by strength within each type (strongest first)","status":"passed","title":"should sort relationships by strength within each type (strongest first)","duration":1.235400000000027,"failureMessages":[],"meta":{}},{"ancestorTitles":["RulesBuilderService","Sorting and Priority"],"fullName":"RulesBuilderService Sorting and Priority should order sections by priority: friends, family, romantic, colleague, conflict, other","status":"passed","title":"should order sections by priority: friends, family, romantic, colleague, conflict, other","duration":1.445699999999988,"failureMessages":[],"meta":{}},{"ancestorTitles":["RulesBuilderService","Sorting and Priority"],"fullName":"RulesBuilderService Sorting and Priority should handle relationships with same strength (stable sort)","status":"passed","title":"should handle relationships with same strength (stable sort)","duration":1.0049999999998818,"failureMessages":[],"meta":{}},{"ancestorTitles":["RulesBuilderService","Grouping Logic"],"fullName":"RulesBuilderService Grouping Logic should group multiple relationships of the same type together","status":"passed","title":"should group multiple relationships of the same type together","duration":0.9128000000000611,"failureMessages":[],"meta":{}},{"ancestorTitles":["RulesBuilderService","Grouping Logic"],"fullName":"RulesBuilderService Grouping Logic should create separate sections for different relationship types","status":"passed","title":"should create separate sections for different relationship types","duration":2.8329000000001088,"failureMessages":[],"meta":{}},{"ancestorTitles":["RulesBuilderService","Guest Name Handling"],"fullName":"RulesBuilderService Guest Name Handling should handle guest names with special characters","status":"passed","title":"should handle guest names with special characters","duration":0.9718000000000302,"failureMessages":[],"meta":{}},{"ancestorTitles":["RulesBuilderService","Guest Name Handling"],"fullName":"RulesBuilderService Guest Name Handling should handle very long guest names","status":"passed","title":"should handle very long guest names","duration":0.6231000000000222,"failureMessages":[],"meta":{}},{"ancestorTitles":["RulesBuilderService","Guest Name Handling"],"fullName":"RulesBuilderService Guest Name Handling should handle empty string guest names gracefully","status":"passed","title":"should handle empty string guest names gracefully","duration":3.0697000000000116,"failureMessages":[],"meta":{}},{"ancestorTitles":["RulesBuilderService","Large Dataset Handling"],"fullName":"RulesBuilderService Large Dataset Handling should handle 100+ relationships efficiently","status":"passed","title":"should handle 100+ relationships efficiently","duration":2.34050000000002,"failureMessages":[],"meta":{}},{"ancestorTitles":["RulesBuilderService","Large Dataset Handling"],"fullName":"RulesBuilderService Large Dataset Handling should handle multiple relationship types in large dataset","status":"passed","title":"should handle multiple relationship types in large dataset","duration":4.921299999999974,"failureMessages":[],"meta":{}},{"ancestorTitles":["RulesBuilderService","Format and Structure"],"fullName":"RulesBuilderService Format and Structure should start with 'SEATING RULES:' header","status":"passed","title":"should start with 'SEATING RULES:' header","duration":0.6683000000000447,"failureMessages":[],"meta":{}},{"ancestorTitles":["RulesBuilderService","Format and Structure"],"fullName":"RulesBuilderService Format and Structure should separate sections with double newlines","status":"passed","title":"should separate sections with double newlines","duration":0.76299999999992,"failureMessages":[],"meta":{}},{"ancestorTitles":["RulesBuilderService","Format and Structure"],"fullName":"RulesBuilderService Format and Structure should prefix each rule with '- ' bullet point","status":"passed","title":"should prefix each rule with '- ' bullet point","duration":1.324100000000044,"failureMessages":[],"meta":{}}],"startTime":1764195448216,"endTime":1764195448296.3242,"status":"passed","message":"","name":"c:/Users/kkobr/code/SittingPlanner/tests/services/rules-builder.service.test.ts"}]}