{"c:\\Users\\kkobr\\code\\SittingPlanner\\src\\env.d.ts": {"path":"c:\\Users\\kkobr\\code\\SittingPlanner\\src\\env.d.ts","statementMap":{},"fnMap":{},"branchMap":{},"s":{},"f":{},"b":{},"meta":{"lastBranch":0,"lastFunction":0,"lastStatement":0,"seen":{}}}
,"c:\\Users\\kkobr\\code\\SittingPlanner\\src\\components\\ReactQueryProvider.tsx": {"path":"c:\\Users\\kkobr\\code\\SittingPlanner\\src\\components\\ReactQueryProvider.tsx","statementMap":{"0":{"start":{"line":4,"column":20},"end":{"line":4,"column":null}},"1":{"start":{"line":7,"column":2},"end":{"line":7,"column":null}}},"fnMap":{"0":{"name":"ReactQueryProvider","decl":{"start":{"line":6,"column":16},"end":{"line":6,"column":35}},"loc":{"start":{"line":6,"column":80},"end":{"line":8,"column":null}},"line":6}},"branchMap":{},"s":{"0":0,"1":0},"f":{"0":0},"b":{},"meta":{"lastBranch":0,"lastFunction":1,"lastStatement":2,"seen":{"s:4:20:4:Infinity":0,"f:6:16:6:35":0,"s:7:2:7:Infinity":1}}}
,"c:\\Users\\kkobr\\code\\SittingPlanner\\src\\components\\SeatingPlan\\BottomNavigation.tsx": {"path":"c:\\Users\\kkobr\\code\\SittingPlanner\\src\\components\\SeatingPlan\\BottomNavigation.tsx","statementMap":{"0":{"start":{"line":11,"column":24},"end":{"line":28,"column":null}},"1":{"start":{"line":12,"column":4},"end":{"line":27,"column":null}},"2":{"start":{"line":13,"column":6},"end":{"line":13,"column":null}},"3":{"start":{"line":14,"column":6},"end":{"line":14,"column":null}},"4":{"start":{"line":15,"column":4},"end":{"line":27,"column":null}},"5":{"start":{"line":16,"column":6},"end":{"line":16,"column":null}},"6":{"start":{"line":17,"column":36},"end":{"line":17,"column":null}},"7":{"start":{"line":18,"column":27},"end":{"line":18,"column":null}},"8":{"start":{"line":19,"column":23},"end":{"line":19,"column":null}},"9":{"start":{"line":20,"column":6},"end":{"line":20,"column":null}},"10":{"start":{"line":21,"column":4},"end":{"line":27,"column":null}},"11":{"start":{"line":22,"column":6},"end":{"line":22,"column":null}},"12":{"start":{"line":23,"column":36},"end":{"line":23,"column":null}},"13":{"start":{"line":24,"column":27},"end":{"line":24,"column":null}},"14":{"start":{"line":25,"column":23},"end":{"line":25,"column":null}},"15":{"start":{"line":26,"column":6},"end":{"line":26,"column":null}},"16":{"start":{"line":30,"column":76},"end":{"line":73,"column":null}},"17":{"start":{"line":75,"column":2},"end":{"line":110,"column":null}},"18":{"start":{"line":83,"column":27},"end":{"line":83,"column":null}},"19":{"start":{"line":84,"column":10},"end":{"line":106,"column":null}},"20":{"start":{"line":87,"column":29},"end":{"line":87,"column":null}},"21":{"start":{"line":88,"column":32},"end":{"line":88,"column":null}}},"fnMap":{"0":{"name":"BottomNavigation","decl":{"start":{"line":10,"column":16},"end":{"line":10,"column":33}},"loc":{"start":{"line":10,"column":88},"end":{"line":112,"column":null}},"line":10},"1":{"name":"(anonymous_1)","decl":{"start":{"line":11,"column":24},"end":{"line":11,"column":25}},"loc":{"start":{"line":11,"column":72},"end":{"line":28,"column":null}},"line":11},"2":{"name":"(anonymous_2)","decl":{"start":{"line":82,"column":22},"end":{"line":82,"column":23}},"loc":{"start":{"line":82,"column":32},"end":{"line":108,"column":9}},"line":82},"3":{"name":"(anonymous_3)","decl":{"start":{"line":87,"column":23},"end":{"line":87,"column":29}},"loc":{"start":{"line":87,"column":29},"end":{"line":87,"column":null}},"line":87},"4":{"name":"(anonymous_4)","decl":{"start":{"line":88,"column":25},"end":{"line":88,"column":26}},"loc":{"start":{"line":88,"column":32},"end":{"line":88,"column":null}},"line":88}},"branchMap":{"0":{"loc":{"start":{"line":12,"column":4},"end":{"line":27,"column":null}},"type":"if","locations":[{"start":{"line":12,"column":4},"end":{"line":27,"column":null}},{"start":{"line":15,"column":4},"end":{"line":27,"column":null}}],"line":12},"1":{"loc":{"start":{"line":12,"column":8},"end":{"line":12,"column":44}},"type":"binary-expr","locations":[{"start":{"line":12,"column":8},"end":{"line":12,"column":29}},{"start":{"line":12,"column":29},"end":{"line":12,"column":44}}],"line":12},"2":{"loc":{"start":{"line":15,"column":4},"end":{"line":27,"column":null}},"type":"if","locations":[{"start":{"line":15,"column":4},"end":{"line":27,"column":null}},{"start":{"line":21,"column":4},"end":{"line":27,"column":null}}],"line":15},"3":{"loc":{"start":{"line":19,"column":23},"end":{"line":19,"column":null}},"type":"cond-expr","locations":[{"start":{"line":19,"column":42},"end":{"line":19,"column":61}},{"start":{"line":19,"column":61},"end":{"line":19,"column":null}}],"line":19},"4":{"loc":{"start":{"line":21,"column":4},"end":{"line":27,"column":null}},"type":"if","locations":[{"start":{"line":21,"column":4},"end":{"line":27,"column":null}},{"start":{},"end":{}}],"line":21},"5":{"loc":{"start":{"line":25,"column":23},"end":{"line":25,"column":null}},"type":"cond-expr","locations":[{"start":{"line":25,"column":58},"end":{"line":25,"column":77}},{"start":{"line":25,"column":77},"end":{"line":25,"column":null}}],"line":25},"6":{"loc":{"start":{"line":94,"column":18},"end":{"line":96,"column":null}},"type":"cond-expr","locations":[{"start":{"line":95,"column":22},"end":{"line":95,"column":null}},{"start":{"line":96,"column":22},"end":{"line":96,"column":null}}],"line":94},"7":{"loc":{"start":{"line":99,"column":28},"end":{"line":99,"column":null}},"type":"cond-expr","locations":[{"start":{"line":99,"column":39},"end":{"line":99,"column":48}},{"start":{"line":99,"column":48},"end":{"line":99,"column":null}}],"line":99},"8":{"loc":{"start":{"line":100,"column":48},"end":{"line":100,"column":76}},"type":"cond-expr","locations":[{"start":{"line":100,"column":59},"end":{"line":100,"column":74}},{"start":{"line":100,"column":74},"end":{"line":100,"column":76}}],"line":100},"9":{"loc":{"start":{"line":104,"column":31},"end":{"line":104,"column":61}},"type":"cond-expr","locations":[{"start":{"line":104,"column":42},"end":{"line":104,"column":56}},{"start":{"line":104,"column":56},"end":{"line":104,"column":61}}],"line":104},"10":{"loc":{"start":{"line":105,"column":54},"end":{"line":105,"column":85}},"type":"cond-expr","locations":[{"start":{"line":105,"column":65},"end":{"line":105,"column":83}},{"start":{"line":105,"column":83},"end":{"line":105,"column":85}}],"line":105}},"s":{"0":0,"1":0,"2":0,"3":0,"4":0,"5":0,"6":0,"7":0,"8":0,"9":0,"10":0,"11":0,"12":0,"13":0,"14":0,"15":0,"16":0,"17":0,"18":0,"19":0,"20":0,"21":0},"f":{"0":0,"1":0,"2":0,"3":0,"4":0},"b":{"0":[0,0],"1":[0,0],"2":[0,0],"3":[0,0],"4":[0,0],"5":[0,0],"6":[0,0],"7":[0,0],"8":[0,0],"9":[0,0],"10":[0,0]},"meta":{"lastBranch":11,"lastFunction":5,"lastStatement":22,"seen":{"f:10:16:10:33":0,"s:11:24:28:Infinity":0,"f:11:24:11:25":1,"b:12:4:27:Infinity:15:4:27:Infinity":0,"s:12:4:27:Infinity":1,"b:12:8:12:29:12:29:12:44":1,"s:13:6:13:Infinity":2,"s:14:6:14:Infinity":3,"b:15:4:27:Infinity:21:4:27:Infinity":2,"s:15:4:27:Infinity":4,"s:16:6:16:Infinity":5,"s:17:36:17:Infinity":6,"s:18:27:18:Infinity":7,"s:19:23:19:Infinity":8,"b:19:42:19:61:19:61:19:Infinity":3,"s:20:6:20:Infinity":9,"b:21:4:27:Infinity:undefined:undefined:undefined:undefined":4,"s:21:4:27:Infinity":10,"s:22:6:22:Infinity":11,"s:23:36:23:Infinity":12,"s:24:27:24:Infinity":13,"s:25:23:25:Infinity":14,"b:25:58:25:77:25:77:25:Infinity":5,"s:26:6:26:Infinity":15,"s:30:76:73:Infinity":16,"s:75:2:110:Infinity":17,"f:82:22:82:23":2,"s:83:27:83:Infinity":18,"s:84:10:106:Infinity":19,"f:87:23:87:29":3,"s:87:29:87:Infinity":20,"f:88:25:88:26":4,"s:88:32:88:Infinity":21,"b:95:22:95:Infinity:96:22:96:Infinity":6,"b:99:39:99:48:99:48:99:Infinity":7,"b:100:59:100:74:100:74:100:76":8,"b:104:42:104:56:104:56:104:61":9,"b:105:65:105:83:105:83:105:85":10}}}
,"c:\\Users\\kkobr\\code\\SittingPlanner\\src\\components\\SeatingPlan\\ConflictNotifier.tsx": {"path":"c:\\Users\\kkobr\\code\\SittingPlanner\\src\\components\\SeatingPlan\\ConflictNotifier.tsx","statementMap":{"0":{"start":{"line":18,"column":2},"end":{"line":18,"column":null}},"1":{"start":{"line":18,"column":46},"end":{"line":18,"column":null}},"2":{"start":{"line":19,"column":2},"end":{"line":63,"column":null}},"3":{"start":{"line":33,"column":12},"end":{"line":38,"column":null}},"4":{"start":{"line":49,"column":16},"end":{"line":51,"column":null}}},"fnMap":{"0":{"name":"ConflictNotifier","decl":{"start":{"line":17,"column":16},"end":{"line":17,"column":33}},"loc":{"start":{"line":17,"column":79},"end":{"line":65,"column":null}},"line":17},"1":{"name":"(anonymous_1)","decl":{"start":{"line":32,"column":33},"end":{"line":32,"column":34}},"loc":{"start":{"line":33,"column":12},"end":{"line":38,"column":null}},"line":33},"2":{"name":"(anonymous_2)","decl":{"start":{"line":48,"column":43},"end":{"line":48,"column":44}},"loc":{"start":{"line":49,"column":16},"end":{"line":51,"column":null}},"line":49}},"branchMap":{"0":{"loc":{"start":{"line":18,"column":2},"end":{"line":18,"column":null}},"type":"if","locations":[{"start":{"line":18,"column":2},"end":{"line":18,"column":null}},{"start":{},"end":{}}],"line":18},"1":{"loc":{"start":{"line":18,"column":6},"end":{"line":18,"column":46}},"type":"binary-expr","locations":[{"start":{"line":18,"column":6},"end":{"line":18,"column":18}},{"start":{"line":18,"column":18},"end":{"line":18,"column":46}}],"line":18},"2":{"loc":{"start":{"line":42,"column":9},"end":{"line":54,"column":null}},"type":"binary-expr","locations":[{"start":{"line":42,"column":9},"end":{"line":42,"column":36}},{"start":{"line":42,"column":36},"end":{"line":42,"column":null}},{"start":{"line":43,"column":10},"end":{"line":54,"column":null}}],"line":42},"3":{"loc":{"start":{"line":57,"column":9},"end":{"line":60,"column":null}},"type":"binary-expr","locations":[{"start":{"line":57,"column":9},"end":{"line":57,"column":null}},{"start":{"line":58,"column":10},"end":{"line":60,"column":null}}],"line":57}},"s":{"0":0,"1":0,"2":0,"3":0,"4":0},"f":{"0":0,"1":0,"2":0},"b":{"0":[0,0],"1":[0,0],"2":[0,0,0],"3":[0,0]},"meta":{"lastBranch":4,"lastFunction":3,"lastStatement":5,"seen":{"f:17:16:17:33":0,"b:18:2:18:Infinity:undefined:undefined:undefined:undefined":0,"s:18:2:18:Infinity":0,"b:18:6:18:18:18:18:18:46":1,"s:18:46:18:Infinity":1,"s:19:2:63:Infinity":2,"f:32:33:32:34":1,"s:33:12:38:Infinity":3,"b:42:9:42:36:42:36:42:Infinity:43:10:54:Infinity":2,"f:48:43:48:44":2,"s:49:16:51:Infinity":4,"b:57:9:57:Infinity:58:10:60:Infinity":3}}}
,"c:\\Users\\kkobr\\code\\SittingPlanner\\src\\components\\SeatingPlan\\DragAndDropCanvas.tsx": {"path":"c:\\Users\\kkobr\\code\\SittingPlanner\\src\\components\\SeatingPlan\\DragAndDropCanvas.tsx","statementMap":{"0":{"start":{"line":44,"column":34},"end":{"line":44,"column":null}},"1":{"start":{"line":47,"column":40},"end":{"line":47,"column":null}},"2":{"start":{"line":50,"column":26},"end":{"line":54,"column":null}},"3":{"start":{"line":55,"column":20},"end":{"line":59,"column":null}},"4":{"start":{"line":62,"column":28},"end":{"line":71,"column":null}},"5":{"start":{"line":64,"column":30},"end":{"line":64,"column":null}},"6":{"start":{"line":65,"column":6},"end":{"line":67,"column":null}},"7":{"start":{"line":66,"column":8},"end":{"line":66,"column":null}},"8":{"start":{"line":68,"column":6},"end":{"line":68,"column":null}},"9":{"start":{"line":74,"column":2},"end":{"line":79,"column":null}},"10":{"start":{"line":75,"column":21},"end":{"line":75,"column":null}},"11":{"start":{"line":76,"column":4},"end":{"line":78,"column":null}},"12":{"start":{"line":77,"column":6},"end":{"line":77,"column":null}},"13":{"start":{"line":82,"column":27},"end":{"line":82,"column":null}},"14":{"start":{"line":82,"column":74},"end":{"line":82,"column":89}},"15":{"start":{"line":85,"column":73},"end":{"line":85,"column":null}},"16":{"start":{"line":86,"column":2},"end":{"line":88,"column":null}},"17":{"start":{"line":87,"column":4},"end":{"line":87,"column":null}},"18":{"start":{"line":89,"column":2},"end":{"line":96,"column":null}},"19":{"start":{"line":90,"column":4},"end":{"line":95,"column":null}},"20":{"start":{"line":91,"column":20},"end":{"line":91,"column":null}},"21":{"start":{"line":91,"column":44},"end":{"line":91,"column":63}},"22":{"start":{"line":92,"column":6},"end":{"line":94,"column":null}},"23":{"start":{"line":93,"column":8},"end":{"line":93,"column":null}},"24":{"start":{"line":99,"column":104},"end":{"line":99,"column":null}},"25":{"start":{"line":100,"column":2},"end":{"line":146,"column":null}},"26":{"start":{"line":101,"column":4},"end":{"line":101,"column":null}},"27":{"start":{"line":104,"column":4},"end":{"line":106,"column":null}},"28":{"start":{"line":104,"column":17},"end":{"line":104,"column":20}},"29":{"start":{"line":105,"column":6},"end":{"line":105,"column":null}},"30":{"start":{"line":108,"column":29},"end":{"line":108,"column":null}},"31":{"start":{"line":108,"column":60},"end":{"line":108,"column":83}},"32":{"start":{"line":111,"column":4},"end":{"line":122,"column":null}},"33":{"start":{"line":112,"column":6},"end":{"line":121,"column":null}},"34":{"start":{"line":113,"column":22},"end":{"line":113,"column":null}},"35":{"start":{"line":113,"column":46},"end":{"line":113,"column":74}},"36":{"start":{"line":114,"column":8},"end":{"line":120,"column":null}},"37":{"start":{"line":115,"column":10},"end":{"line":119,"column":null}},"38":{"start":{"line":126,"column":36},"end":{"line":126,"column":null}},"39":{"start":{"line":126,"column":72},"end":{"line":126,"column":88}},"40":{"start":{"line":127,"column":28},"end":{"line":127,"column":null}},"41":{"start":{"line":128,"column":4},"end":{"line":145,"column":null}},"42":{"start":{"line":130,"column":6},"end":{"line":132,"column":null}},"43":{"start":{"line":131,"column":8},"end":{"line":131,"column":null}},"44":{"start":{"line":134,"column":6},"end":{"line":144,"column":null}},"45":{"start":{"line":135,"column":22},"end":{"line":135,"column":null}},"46":{"start":{"line":135,"column":46},"end":{"line":135,"column":74}},"47":{"start":{"line":136,"column":8},"end":{"line":143,"column":null}},"48":{"start":{"line":137,"column":10},"end":{"line":141,"column":null}},"49":{"start":{"line":142,"column":10},"end":{"line":142,"column":null}},"50":{"start":{"line":149,"column":34},"end":{"line":149,"column":null}},"51":{"start":{"line":150,"column":40},"end":{"line":150,"column":null}},"52":{"start":{"line":151,"column":22},"end":{"line":151,"column":null}},"53":{"start":{"line":152,"column":26},"end":{"line":152,"column":null}},"54":{"start":{"line":152,"column":50},"end":{"line":152,"column":57}},"55":{"start":{"line":155,"column":2},"end":{"line":164,"column":null}},"56":{"start":{"line":156,"column":28},"end":{"line":161,"column":null}},"57":{"start":{"line":157,"column":6},"end":{"line":157,"column":null}},"58":{"start":{"line":158,"column":6},"end":{"line":160,"column":null}},"59":{"start":{"line":159,"column":8},"end":{"line":159,"column":null}},"60":{"start":{"line":162,"column":4},"end":{"line":162,"column":null}},"61":{"start":{"line":163,"column":4},"end":{"line":163,"column":null}},"62":{"start":{"line":163,"column":17},"end":{"line":163,"column":null}},"63":{"start":{"line":167,"column":20},"end":{"line":167,"column":null}},"64":{"start":{"line":168,"column":4},"end":{"line":168,"column":null}},"65":{"start":{"line":170,"column":18},"end":{"line":170,"column":null}},"66":{"start":{"line":170,"column":42},"end":{"line":170,"column":58}},"67":{"start":{"line":171,"column":4},"end":{"line":171,"column":null}},"68":{"start":{"line":175,"column":29},"end":{"line":175,"column":null}},"69":{"start":{"line":176,"column":4},"end":{"line":176,"column":null}},"70":{"start":{"line":177,"column":4},"end":{"line":177,"column":null}},"71":{"start":{"line":178,"column":4},"end":{"line":200,"column":null}},"72":{"start":{"line":180,"column":6},"end":{"line":183,"column":null}},"73":{"start":{"line":181,"column":8},"end":{"line":181,"column":null}},"74":{"start":{"line":182,"column":8},"end":{"line":182,"column":null}},"75":{"start":{"line":186,"column":6},"end":{"line":194,"column":null}},"76":{"start":{"line":187,"column":22},"end":{"line":187,"column":null}},"77":{"start":{"line":188,"column":8},"end":{"line":193,"column":null}},"78":{"start":{"line":189,"column":26},"end":{"line":189,"column":null}},"79":{"start":{"line":190,"column":31},"end":{"line":190,"column":null}},"80":{"start":{"line":191,"column":10},"end":{"line":191,"column":null}},"81":{"start":{"line":192,"column":10},"end":{"line":192,"column":null}},"82":{"start":{"line":197,"column":6},"end":{"line":199,"column":null}},"83":{"start":{"line":198,"column":8},"end":{"line":198,"column":null}},"84":{"start":{"line":204,"column":4},"end":{"line":204,"column":null}},"85":{"start":{"line":207,"column":2},"end":{"line":402,"column":null}},"86":{"start":{"line":219,"column":31},"end":{"line":219,"column":null}},"87":{"start":{"line":226,"column":31},"end":{"line":226,"column":null}},"88":{"start":{"line":245,"column":18},"end":{"line":250,"column":null}},"89":{"start":{"line":254,"column":18},"end":{"line":260,"column":null}},"90":{"start":{"line":268,"column":51},"end":{"line":268,"column":null}},"91":{"start":{"line":287,"column":12},"end":{"line":287,"column":null}},"92":{"start":{"line":297,"column":53},"end":{"line":297,"column":null}},"93":{"start":{"line":307,"column":12},"end":{"line":307,"column":null}},"94":{"start":{"line":321,"column":33},"end":{"line":321,"column":null}},"95":{"start":{"line":328,"column":33},"end":{"line":328,"column":null}},"96":{"start":{"line":347,"column":20},"end":{"line":352,"column":null}},"97":{"start":{"line":356,"column":20},"end":{"line":362,"column":null}},"98":{"start":{"line":371,"column":12},"end":{"line":371,"column":null}},"99":{"start":{"line":415,"column":29},"end":{"line":415,"column":null}},"100":{"start":{"line":416,"column":22},"end":{"line":416,"column":null}},"101":{"start":{"line":417,"column":21},"end":{"line":417,"column":null}},"102":{"start":{"line":419,"column":2},"end":{"line":446,"column":null}},"103":{"start":{"line":439,"column":10},"end":{"line":439,"column":null}},"104":{"start":{"line":443,"column":10},"end":{"line":443,"column":null}},"105":{"start":{"line":451,"column":56},"end":{"line":451,"column":null}},"106":{"start":{"line":453,"column":22},"end":{"line":453,"column":null}},"107":{"start":{"line":455,"column":2},"end":{"line":465,"column":null}},"108":{"start":{"line":470,"column":56},"end":{"line":470,"column":null}},"109":{"start":{"line":471,"column":2},"end":{"line":474,"column":null}},"110":{"start":{"line":479,"column":29},"end":{"line":479,"column":null}},"111":{"start":{"line":480,"column":2},"end":{"line":488,"column":null}}},"fnMap":{"0":{"name":"DragAndDropCanvas","decl":{"start":{"line":33,"column":16},"end":{"line":33,"column":34}},"loc":{"start":{"line":42,"column":27},"end":{"line":404,"column":null}},"line":42},"1":{"name":"(anonymous_1)","decl":{"start":{"line":63,"column":4},"end":{"line":63,"column":5}},"loc":{"start":{"line":63,"column":31},"end":{"line":69,"column":null}},"line":63},"2":{"name":"(anonymous_2)","decl":{"start":{"line":74,"column":18},"end":{"line":74,"column":24}},"loc":{"start":{"line":74,"column":24},"end":{"line":79,"column":5}},"line":74},"3":{"name":"(anonymous_3)","decl":{"start":{"line":82,"column":62},"end":{"line":82,"column":63}},"loc":{"start":{"line":82,"column":74},"end":{"line":82,"column":89}},"line":82},"4":{"name":"(anonymous_4)","decl":{"start":{"line":86,"column":17},"end":{"line":86,"column":18}},"loc":{"start":{"line":86,"column":33},"end":{"line":88,"column":3}},"line":86},"5":{"name":"(anonymous_5)","decl":{"start":{"line":89,"column":22},"end":{"line":89,"column":23}},"loc":{"start":{"line":89,"column":34},"end":{"line":96,"column":3}},"line":89},"6":{"name":"(anonymous_6)","decl":{"start":{"line":91,"column":32},"end":{"line":91,"column":33}},"loc":{"start":{"line":91,"column":44},"end":{"line":91,"column":63}},"line":91},"7":{"name":"(anonymous_7)","decl":{"start":{"line":100,"column":17},"end":{"line":100,"column":18}},"loc":{"start":{"line":100,"column":33},"end":{"line":146,"column":3}},"line":100},"8":{"name":"(anonymous_8)","decl":{"start":{"line":108,"column":48},"end":{"line":108,"column":49}},"loc":{"start":{"line":108,"column":60},"end":{"line":108,"column":83}},"line":108},"9":{"name":"(anonymous_9)","decl":{"start":{"line":111,"column":29},"end":{"line":111,"column":30}},"loc":{"start":{"line":111,"column":50},"end":{"line":122,"column":5}},"line":111},"10":{"name":"(anonymous_10)","decl":{"start":{"line":113,"column":34},"end":{"line":113,"column":35}},"loc":{"start":{"line":113,"column":46},"end":{"line":113,"column":74}},"line":113},"11":{"name":"(anonymous_11)","decl":{"start":{"line":126,"column":60},"end":{"line":126,"column":61}},"loc":{"start":{"line":126,"column":72},"end":{"line":126,"column":88}},"line":126},"12":{"name":"(anonymous_12)","decl":{"start":{"line":128,"column":36},"end":{"line":128,"column":37}},"loc":{"start":{"line":128,"column":57},"end":{"line":145,"column":5}},"line":128},"13":{"name":"(anonymous_13)","decl":{"start":{"line":135,"column":34},"end":{"line":135,"column":35}},"loc":{"start":{"line":135,"column":46},"end":{"line":135,"column":74}},"line":135},"14":{"name":"(anonymous_14)","decl":{"start":{"line":152,"column":43},"end":{"line":152,"column":44}},"loc":{"start":{"line":152,"column":50},"end":{"line":152,"column":57}},"line":152},"15":{"name":"(anonymous_15)","decl":{"start":{"line":155,"column":18},"end":{"line":155,"column":24}},"loc":{"start":{"line":155,"column":24},"end":{"line":164,"column":5}},"line":155},"16":{"name":"(anonymous_16)","decl":{"start":{"line":156,"column":28},"end":{"line":156,"column":29}},"loc":{"start":{"line":156,"column":47},"end":{"line":161,"column":null}},"line":156},"17":{"name":"(anonymous_17)","decl":{"start":{"line":163,"column":11},"end":{"line":163,"column":17}},"loc":{"start":{"line":163,"column":17},"end":{"line":163,"column":null}},"line":163},"18":{"name":"handleDragStart","decl":{"start":{"line":166,"column":11},"end":{"line":166,"column":27}},"loc":{"start":{"line":166,"column":39},"end":{"line":172,"column":null}},"line":166},"19":{"name":"(anonymous_19)","decl":{"start":{"line":170,"column":30},"end":{"line":170,"column":31}},"loc":{"start":{"line":170,"column":42},"end":{"line":170,"column":58}},"line":170},"20":{"name":"handleDragEnd","decl":{"start":{"line":174,"column":11},"end":{"line":174,"column":25}},"loc":{"start":{"line":174,"column":37},"end":{"line":201,"column":null}},"line":174},"21":{"name":"handleDropOnSeat","decl":{"start":{"line":203,"column":11},"end":{"line":203,"column":28}},"loc":{"start":{"line":203,"column":84},"end":{"line":205,"column":null}},"line":203},"22":{"name":"(anonymous_22)","decl":{"start":{"line":219,"column":25},"end":{"line":219,"column":31}},"loc":{"start":{"line":219,"column":31},"end":{"line":219,"column":null}},"line":219},"23":{"name":"(anonymous_23)","decl":{"start":{"line":226,"column":25},"end":{"line":226,"column":31}},"loc":{"start":{"line":226,"column":31},"end":{"line":226,"column":null}},"line":226},"24":{"name":"(anonymous_24)","decl":{"start":{"line":244,"column":27},"end":{"line":244,"column":28}},"loc":{"start":{"line":245,"column":18},"end":{"line":250,"column":null}},"line":245},"25":{"name":"(anonymous_25)","decl":{"start":{"line":253,"column":27},"end":{"line":253,"column":28}},"loc":{"start":{"line":254,"column":18},"end":{"line":260,"column":null}},"line":254},"26":{"name":"(anonymous_26)","decl":{"start":{"line":268,"column":29},"end":{"line":268,"column":30}},"loc":{"start":{"line":268,"column":51},"end":{"line":268,"column":null}},"line":268},"27":{"name":"(anonymous_27)","decl":{"start":{"line":286,"column":15},"end":{"line":286,"column":16}},"loc":{"start":{"line":286,"column":23},"end":{"line":288,"column":null}},"line":286},"28":{"name":"(anonymous_28)","decl":{"start":{"line":297,"column":31},"end":{"line":297,"column":32}},"loc":{"start":{"line":297,"column":53},"end":{"line":297,"column":null}},"line":297},"29":{"name":"(anonymous_29)","decl":{"start":{"line":306,"column":15},"end":{"line":306,"column":16}},"loc":{"start":{"line":306,"column":23},"end":{"line":308,"column":null}},"line":306},"30":{"name":"(anonymous_30)","decl":{"start":{"line":321,"column":27},"end":{"line":321,"column":33}},"loc":{"start":{"line":321,"column":33},"end":{"line":321,"column":null}},"line":321},"31":{"name":"(anonymous_31)","decl":{"start":{"line":328,"column":27},"end":{"line":328,"column":33}},"loc":{"start":{"line":328,"column":33},"end":{"line":328,"column":null}},"line":328},"32":{"name":"(anonymous_32)","decl":{"start":{"line":346,"column":29},"end":{"line":346,"column":30}},"loc":{"start":{"line":347,"column":20},"end":{"line":352,"column":null}},"line":347},"33":{"name":"(anonymous_33)","decl":{"start":{"line":355,"column":29},"end":{"line":355,"column":30}},"loc":{"start":{"line":356,"column":20},"end":{"line":362,"column":null}},"line":356},"34":{"name":"(anonymous_34)","decl":{"start":{"line":370,"column":15},"end":{"line":370,"column":16}},"loc":{"start":{"line":370,"column":23},"end":{"line":372,"column":null}},"line":370},"35":{"name":"DroppableTable","decl":{"start":{"line":406,"column":9},"end":{"line":406,"column":24}},"loc":{"start":{"line":414,"column":3},"end":{"line":448,"column":null}},"line":414},"36":{"name":"(anonymous_36)","decl":{"start":{"line":438,"column":28},"end":{"line":438,"column":29}},"loc":{"start":{"line":439,"column":10},"end":{"line":439,"column":null}},"line":439},"37":{"name":"(anonymous_37)","decl":{"start":{"line":442,"column":48},"end":{"line":442,"column":49}},"loc":{"start":{"line":443,"column":10},"end":{"line":443,"column":null}},"line":443},"38":{"name":"DraggableGuestChip","decl":{"start":{"line":450,"column":9},"end":{"line":450,"column":28}},"loc":{"start":{"line":450,"column":55},"end":{"line":467,"column":null}},"line":450},"39":{"name":"DraggableGuestCard","decl":{"start":{"line":469,"column":9},"end":{"line":469,"column":28}},"loc":{"start":{"line":469,"column":99},"end":{"line":476,"column":null}},"line":469},"40":{"name":"DroppableUnassignedZone","decl":{"start":{"line":478,"column":9},"end":{"line":478,"column":33}},"loc":{"start":{"line":478,"column":113},"end":{"line":490,"column":null}},"line":478}},"branchMap":{"0":{"loc":{"start":{"line":65,"column":6},"end":{"line":67,"column":null}},"type":"if","locations":[{"start":{"line":65,"column":6},"end":{"line":67,"column":null}},{"start":{},"end":{}}],"line":65},"1":{"loc":{"start":{"line":76,"column":4},"end":{"line":78,"column":null}},"type":"if","locations":[{"start":{"line":76,"column":4},"end":{"line":78,"column":null}},{"start":{},"end":{}}],"line":76},"2":{"loc":{"start":{"line":90,"column":4},"end":{"line":95,"column":null}},"type":"if","locations":[{"start":{"line":90,"column":4},"end":{"line":95,"column":null}},{"start":{},"end":{}}],"line":90},"3":{"loc":{"start":{"line":92,"column":6},"end":{"line":94,"column":null}},"type":"if","locations":[{"start":{"line":92,"column":6},"end":{"line":94,"column":null}},{"start":{},"end":{}}],"line":92},"4":{"loc":{"start":{"line":112,"column":6},"end":{"line":121,"column":null}},"type":"if","locations":[{"start":{"line":112,"column":6},"end":{"line":121,"column":null}},{"start":{},"end":{}}],"line":112},"5":{"loc":{"start":{"line":112,"column":10},"end":{"line":112,"column":82}},"type":"binary-expr","locations":[{"start":{"line":112,"column":10},"end":{"line":112,"column":38}},{"start":{"line":112,"column":38},"end":{"line":112,"column":82}}],"line":112},"6":{"loc":{"start":{"line":114,"column":8},"end":{"line":120,"column":null}},"type":"if","locations":[{"start":{"line":114,"column":8},"end":{"line":120,"column":null}},{"start":{},"end":{}}],"line":114},"7":{"loc":{"start":{"line":130,"column":13},"end":{"line":130,"column":107}},"type":"binary-expr","locations":[{"start":{"line":130,"column":13},"end":{"line":130,"column":51}},{"start":{"line":130,"column":51},"end":{"line":130,"column":107}}],"line":130},"8":{"loc":{"start":{"line":134,"column":6},"end":{"line":144,"column":null}},"type":"if","locations":[{"start":{"line":134,"column":6},"end":{"line":144,"column":null}},{"start":{},"end":{}}],"line":134},"9":{"loc":{"start":{"line":136,"column":8},"end":{"line":143,"column":null}},"type":"if","locations":[{"start":{"line":136,"column":8},"end":{"line":143,"column":null}},{"start":{},"end":{}}],"line":136},"10":{"loc":{"start":{"line":158,"column":6},"end":{"line":160,"column":null}},"type":"if","locations":[{"start":{"line":158,"column":6},"end":{"line":160,"column":null}},{"start":{},"end":{}}],"line":158},"11":{"loc":{"start":{"line":171,"column":19},"end":{"line":171,"column":32}},"type":"binary-expr","locations":[{"start":{"line":171,"column":19},"end":{"line":171,"column":28}},{"start":{"line":171,"column":28},"end":{"line":171,"column":32}}],"line":171},"12":{"loc":{"start":{"line":178,"column":4},"end":{"line":200,"column":null}},"type":"if","locations":[{"start":{"line":178,"column":4},"end":{"line":200,"column":null}},{"start":{},"end":{}}],"line":178},"13":{"loc":{"start":{"line":178,"column":8},"end":{"line":178,"column":48}},"type":"binary-expr","locations":[{"start":{"line":178,"column":8},"end":{"line":178,"column":18}},{"start":{"line":178,"column":18},"end":{"line":178,"column":26}},{"start":{"line":178,"column":26},"end":{"line":178,"column":39}},{"start":{"line":178,"column":39},"end":{"line":178,"column":48}}],"line":178},"14":{"loc":{"start":{"line":180,"column":6},"end":{"line":183,"column":null}},"type":"if","locations":[{"start":{"line":180,"column":6},"end":{"line":183,"column":null}},{"start":{},"end":{}}],"line":180},"15":{"loc":{"start":{"line":186,"column":6},"end":{"line":194,"column":null}},"type":"if","locations":[{"start":{"line":186,"column":6},"end":{"line":194,"column":null}},{"start":{},"end":{}}],"line":186},"16":{"loc":{"start":{"line":186,"column":10},"end":{"line":186,"column":70}},"type":"binary-expr","locations":[{"start":{"line":186,"column":10},"end":{"line":186,"column":41}},{"start":{"line":186,"column":41},"end":{"line":186,"column":70}}],"line":186},"17":{"loc":{"start":{"line":188,"column":8},"end":{"line":193,"column":null}},"type":"if","locations":[{"start":{"line":188,"column":8},"end":{"line":193,"column":null}},{"start":{},"end":{}}],"line":188},"18":{"loc":{"start":{"line":197,"column":6},"end":{"line":199,"column":null}},"type":"if","locations":[{"start":{"line":197,"column":6},"end":{"line":199,"column":null}},{"start":{},"end":{}}],"line":197},"19":{"loc":{"start":{"line":217,"column":25},"end":{"line":217,"column":null}},"type":"cond-expr","locations":[{"start":{"line":217,"column":48},"end":{"line":217,"column":60}},{"start":{"line":217,"column":60},"end":{"line":217,"column":null}}],"line":217},"20":{"loc":{"start":{"line":224,"column":25},"end":{"line":224,"column":null}},"type":"cond-expr","locations":[{"start":{"line":224,"column":47},"end":{"line":224,"column":59}},{"start":{"line":224,"column":59},"end":{"line":224,"column":null}}],"line":224},"21":{"loc":{"start":{"line":236,"column":14},"end":{"line":238,"column":null}},"type":"cond-expr","locations":[{"start":{"line":237,"column":18},"end":{"line":237,"column":null}},{"start":{"line":238,"column":18},"end":{"line":238,"column":null}}],"line":236},"22":{"loc":{"start":{"line":242,"column":13},"end":{"line":261,"column":null}},"type":"cond-expr","locations":[{"start":{"line":244,"column":16},"end":{"line":251,"column":null}},{"start":{"line":253,"column":16},"end":{"line":261,"column":null}}],"line":242},"23":{"loc":{"start":{"line":248,"column":36},"end":{"line":248,"column":null}},"type":"binary-expr","locations":[{"start":{"line":248,"column":36},"end":{"line":248,"column":61}},{"start":{"line":248,"column":61},"end":{"line":248,"column":null}}],"line":248},"24":{"loc":{"start":{"line":257,"column":27},"end":{"line":257,"column":null}},"type":"binary-expr","locations":[{"start":{"line":257,"column":27},"end":{"line":257,"column":51}},{"start":{"line":257,"column":51},"end":{"line":257,"column":null}}],"line":257},"25":{"loc":{"start":{"line":289,"column":24},"end":{"line":289,"column":69}},"type":"cond-expr","locations":[{"start":{"line":289,"column":51},"end":{"line":289,"column":61}},{"start":{"line":289,"column":61},"end":{"line":289,"column":69}}],"line":289},"26":{"loc":{"start":{"line":309,"column":24},"end":{"line":309,"column":67}},"type":"cond-expr","locations":[{"start":{"line":309,"column":49},"end":{"line":309,"column":59}},{"start":{"line":309,"column":59},"end":{"line":309,"column":67}}],"line":309},"27":{"loc":{"start":{"line":319,"column":27},"end":{"line":319,"column":null}},"type":"cond-expr","locations":[{"start":{"line":319,"column":50},"end":{"line":319,"column":62}},{"start":{"line":319,"column":62},"end":{"line":319,"column":null}}],"line":319},"28":{"loc":{"start":{"line":326,"column":27},"end":{"line":326,"column":null}},"type":"cond-expr","locations":[{"start":{"line":326,"column":49},"end":{"line":326,"column":61}},{"start":{"line":326,"column":61},"end":{"line":326,"column":null}}],"line":326},"29":{"loc":{"start":{"line":338,"column":16},"end":{"line":340,"column":null}},"type":"cond-expr","locations":[{"start":{"line":339,"column":20},"end":{"line":339,"column":null}},{"start":{"line":340,"column":20},"end":{"line":340,"column":null}}],"line":338},"30":{"loc":{"start":{"line":344,"column":15},"end":{"line":363,"column":null}},"type":"cond-expr","locations":[{"start":{"line":346,"column":18},"end":{"line":353,"column":null}},{"start":{"line":355,"column":18},"end":{"line":363,"column":null}}],"line":344},"31":{"loc":{"start":{"line":350,"column":38},"end":{"line":350,"column":null}},"type":"binary-expr","locations":[{"start":{"line":350,"column":38},"end":{"line":350,"column":63}},{"start":{"line":350,"column":63},"end":{"line":350,"column":null}}],"line":350},"32":{"loc":{"start":{"line":359,"column":29},"end":{"line":359,"column":null}},"type":"binary-expr","locations":[{"start":{"line":359,"column":29},"end":{"line":359,"column":53}},{"start":{"line":359,"column":53},"end":{"line":359,"column":null}}],"line":359},"33":{"loc":{"start":{"line":373,"column":24},"end":{"line":373,"column":70}},"type":"cond-expr","locations":[{"start":{"line":373,"column":52},"end":{"line":373,"column":62}},{"start":{"line":373,"column":62},"end":{"line":373,"column":70}}],"line":373},"34":{"loc":{"start":{"line":391,"column":7},"end":{"line":400,"column":null}},"type":"binary-expr","locations":[{"start":{"line":391,"column":7},"end":{"line":391,"column":null}},{"start":{"line":392,"column":8},"end":{"line":400,"column":null}}],"line":391},"35":{"loc":{"start":{"line":423,"column":8},"end":{"line":423,"column":null}},"type":"cond-expr","locations":[{"start":{"line":423,"column":17},"end":{"line":423,"column":69}},{"start":{"line":423,"column":69},"end":{"line":423,"column":null}}],"line":423},"36":{"loc":{"start":{"line":461,"column":24},"end":{"line":461,"column":45}},"type":"cond-expr","locations":[{"start":{"line":461,"column":37},"end":{"line":461,"column":43}},{"start":{"line":461,"column":43},"end":{"line":461,"column":45}}],"line":461},"37":{"loc":{"start":{"line":472,"column":75},"end":{"line":472,"column":96}},"type":"cond-expr","locations":[{"start":{"line":472,"column":88},"end":{"line":472,"column":94}},{"start":{"line":472,"column":94},"end":{"line":472,"column":96}}],"line":472},"38":{"loc":{"start":{"line":484,"column":8},"end":{"line":484,"column":null}},"type":"cond-expr","locations":[{"start":{"line":484,"column":17},"end":{"line":484,"column":100}},{"start":{"line":484,"column":100},"end":{"line":484,"column":null}}],"line":484}},"s":{"0":0,"1":0,"2":0,"3":0,"4":0,"5":0,"6":0,"7":0,"8":0,"9":0,"10":0,"11":0,"12":0,"13":0,"14":0,"15":0,"16":0,"17":0,"18":0,"19":0,"20":0,"21":0,"22":0,"23":0,"24":0,"25":0,"26":0,"27":0,"28":0,"29":0,"30":0,"31":0,"32":0,"33":0,"34":0,"35":0,"36":0,"37":0,"38":0,"39":0,"40":0,"41":0,"42":0,"43":0,"44":0,"45":0,"46":0,"47":0,"48":0,"49":0,"50":0,"51":0,"52":0,"53":0,"54":0,"55":0,"56":0,"57":0,"58":0,"59":0,"60":0,"61":0,"62":0,"63":0,"64":0,"65":0,"66":0,"67":0,"68":0,"69":0,"70":0,"71":0,"72":0,"73":0,"74":0,"75":0,"76":0,"77":0,"78":0,"79":0,"80":0,"81":0,"82":0,"83":0,"84":0,"85":0,"86":0,"87":0,"88":0,"89":0,"90":0,"91":0,"92":0,"93":0,"94":0,"95":0,"96":0,"97":0,"98":0,"99":0,"100":0,"101":0,"102":0,"103":0,"104":0,"105":0,"106":0,"107":0,"108":0,"109":0,"110":0,"111":0},"f":{"0":0,"1":0,"2":0,"3":0,"4":0,"5":0,"6":0,"7":0,"8":0,"9":0,"10":0,"11":0,"12":0,"13":0,"14":0,"15":0,"16":0,"17":0,"18":0,"19":0,"20":0,"21":0,"22":0,"23":0,"24":0,"25":0,"26":0,"27":0,"28":0,"29":0,"30":0,"31":0,"32":0,"33":0,"34":0,"35":0,"36":0,"37":0,"38":0,"39":0,"40":0},"b":{"0":[0,0],"1":[0,0],"2":[0,0],"3":[0,0],"4":[0,0],"5":[0,0],"6":[0,0],"7":[0,0],"8":[0,0],"9":[0,0],"10":[0,0],"11":[0,0],"12":[0,0],"13":[0,0,0,0],"14":[0,0],"15":[0,0],"16":[0,0],"17":[0,0],"18":[0,0],"19":[0,0],"20":[0,0],"21":[0,0],"22":[0,0],"23":[0,0],"24":[0,0],"25":[0,0],"26":[0,0],"27":[0,0],"28":[0,0],"29":[0,0],"30":[0,0],"31":[0,0],"32":[0,0],"33":[0,0],"34":[0,0],"35":[0,0],"36":[0,0],"37":[0,0],"38":[0,0]},"meta":{"lastBranch":39,"lastFunction":41,"lastStatement":112,"seen":{"f:33:16:33:34":0,"s:44:34:44:Infinity":0,"s:47:40:47:Infinity":1,"s:50:26:54:Infinity":2,"s:55:20:59:Infinity":3,"s:62:28:71:Infinity":4,"f:63:4:63:5":1,"s:64:30:64:Infinity":5,"b:65:6:67:Infinity:undefined:undefined:undefined:undefined":0,"s:65:6:67:Infinity":6,"s:66:8:66:Infinity":7,"s:68:6:68:Infinity":8,"s:74:2:79:Infinity":9,"f:74:18:74:24":2,"s:75:21:75:Infinity":10,"b:76:4:78:Infinity:undefined:undefined:undefined:undefined":1,"s:76:4:78:Infinity":11,"s:77:6:77:Infinity":12,"s:82:27:82:Infinity":13,"f:82:62:82:63":3,"s:82:74:82:89":14,"s:85:73:85:Infinity":15,"s:86:2:88:Infinity":16,"f:86:17:86:18":4,"s:87:4:87:Infinity":17,"s:89:2:96:Infinity":18,"f:89:22:89:23":5,"b:90:4:95:Infinity:undefined:undefined:undefined:undefined":2,"s:90:4:95:Infinity":19,"s:91:20:91:Infinity":20,"f:91:32:91:33":6,"s:91:44:91:63":21,"b:92:6:94:Infinity:undefined:undefined:undefined:undefined":3,"s:92:6:94:Infinity":22,"s:93:8:93:Infinity":23,"s:99:104:99:Infinity":24,"s:100:2:146:Infinity":25,"f:100:17:100:18":7,"s:101:4:101:Infinity":26,"s:104:4:106:Infinity":27,"s:104:17:104:20":28,"s:105:6:105:Infinity":29,"s:108:29:108:Infinity":30,"f:108:48:108:49":8,"s:108:60:108:83":31,"s:111:4:122:Infinity":32,"f:111:29:111:30":9,"b:112:6:121:Infinity:undefined:undefined:undefined:undefined":4,"s:112:6:121:Infinity":33,"b:112:10:112:38:112:38:112:82":5,"s:113:22:113:Infinity":34,"f:113:34:113:35":10,"s:113:46:113:74":35,"b:114:8:120:Infinity:undefined:undefined:undefined:undefined":6,"s:114:8:120:Infinity":36,"s:115:10:119:Infinity":37,"s:126:36:126:Infinity":38,"f:126:60:126:61":11,"s:126:72:126:88":39,"s:127:28:127:Infinity":40,"s:128:4:145:Infinity":41,"f:128:36:128:37":12,"s:130:6:132:Infinity":42,"b:130:13:130:51:130:51:130:107":7,"s:131:8:131:Infinity":43,"b:134:6:144:Infinity:undefined:undefined:undefined:undefined":8,"s:134:6:144:Infinity":44,"s:135:22:135:Infinity":45,"f:135:34:135:35":13,"s:135:46:135:74":46,"b:136:8:143:Infinity:undefined:undefined:undefined:undefined":9,"s:136:8:143:Infinity":47,"s:137:10:141:Infinity":48,"s:142:10:142:Infinity":49,"s:149:34:149:Infinity":50,"s:150:40:150:Infinity":51,"s:151:22:151:Infinity":52,"s:152:26:152:Infinity":53,"f:152:43:152:44":14,"s:152:50:152:57":54,"s:155:2:164:Infinity":55,"f:155:18:155:24":15,"s:156:28:161:Infinity":56,"f:156:28:156:29":16,"s:157:6:157:Infinity":57,"b:158:6:160:Infinity:undefined:undefined:undefined:undefined":10,"s:158:6:160:Infinity":58,"s:159:8:159:Infinity":59,"s:162:4:162:Infinity":60,"s:163:4:163:Infinity":61,"f:163:11:163:17":17,"s:163:17:163:Infinity":62,"f:166:11:166:27":18,"s:167:20:167:Infinity":63,"s:168:4:168:Infinity":64,"s:170:18:170:Infinity":65,"f:170:30:170:31":19,"s:170:42:170:58":66,"s:171:4:171:Infinity":67,"b:171:19:171:28:171:28:171:32":11,"f:174:11:174:25":20,"s:175:29:175:Infinity":68,"s:176:4:176:Infinity":69,"s:177:4:177:Infinity":70,"b:178:4:200:Infinity:undefined:undefined:undefined:undefined":12,"s:178:4:200:Infinity":71,"b:178:8:178:18:178:18:178:26:178:26:178:39:178:39:178:48":13,"b:180:6:183:Infinity:undefined:undefined:undefined:undefined":14,"s:180:6:183:Infinity":72,"s:181:8:181:Infinity":73,"s:182:8:182:Infinity":74,"b:186:6:194:Infinity:undefined:undefined:undefined:undefined":15,"s:186:6:194:Infinity":75,"b:186:10:186:41:186:41:186:70":16,"s:187:22:187:Infinity":76,"b:188:8:193:Infinity:undefined:undefined:undefined:undefined":17,"s:188:8:193:Infinity":77,"s:189:26:189:Infinity":78,"s:190:31:190:Infinity":79,"s:191:10:191:Infinity":80,"s:192:10:192:Infinity":81,"b:197:6:199:Infinity:undefined:undefined:undefined:undefined":18,"s:197:6:199:Infinity":82,"s:198:8:198:Infinity":83,"f:203:11:203:28":21,"s:204:4:204:Infinity":84,"s:207:2:402:Infinity":85,"b:217:48:217:60:217:60:217:Infinity":19,"f:219:25:219:31":22,"s:219:31:219:Infinity":86,"b:224:47:224:59:224:59:224:Infinity":20,"f:226:25:226:31":23,"s:226:31:226:Infinity":87,"b:237:18:237:Infinity:238:18:238:Infinity":21,"b:244:16:251:Infinity:253:16:261:Infinity":22,"f:244:27:244:28":24,"s:245:18:250:Infinity":88,"b:248:36:248:61:248:61:248:Infinity":23,"f:253:27:253:28":25,"s:254:18:260:Infinity":89,"b:257:27:257:51:257:51:257:Infinity":24,"f:268:29:268:30":26,"s:268:51:268:Infinity":90,"f:286:15:286:16":27,"s:287:12:287:Infinity":91,"b:289:51:289:61:289:61:289:69":25,"f:297:31:297:32":28,"s:297:53:297:Infinity":92,"f:306:15:306:16":29,"s:307:12:307:Infinity":93,"b:309:49:309:59:309:59:309:67":26,"b:319:50:319:62:319:62:319:Infinity":27,"f:321:27:321:33":30,"s:321:33:321:Infinity":94,"b:326:49:326:61:326:61:326:Infinity":28,"f:328:27:328:33":31,"s:328:33:328:Infinity":95,"b:339:20:339:Infinity:340:20:340:Infinity":29,"b:346:18:353:Infinity:355:18:363:Infinity":30,"f:346:29:346:30":32,"s:347:20:352:Infinity":96,"b:350:38:350:63:350:63:350:Infinity":31,"f:355:29:355:30":33,"s:356:20:362:Infinity":97,"b:359:29:359:53:359:53:359:Infinity":32,"f:370:15:370:16":34,"s:371:12:371:Infinity":98,"b:373:52:373:62:373:62:373:70":33,"b:391:7:391:Infinity:392:8:400:Infinity":34,"f:406:9:406:24":35,"s:415:29:415:Infinity":99,"s:416:22:416:Infinity":100,"s:417:21:417:Infinity":101,"s:419:2:446:Infinity":102,"b:423:17:423:69:423:69:423:Infinity":35,"f:438:28:438:29":36,"s:439:10:439:Infinity":103,"f:442:48:442:49":37,"s:443:10:443:Infinity":104,"f:450:9:450:28":38,"s:451:56:451:Infinity":105,"s:453:22:453:Infinity":106,"s:455:2:465:Infinity":107,"b:461:37:461:43:461:43:461:45":36,"f:469:9:469:28":39,"s:470:56:470:Infinity":108,"s:471:2:474:Infinity":109,"b:472:88:472:94:472:94:472:96":37,"f:478:9:478:33":40,"s:479:29:479:Infinity":110,"s:480:2:488:Infinity":111,"b:484:17:484:100:484:100:484:Infinity":38}}}
,"c:\\Users\\kkobr\\code\\SittingPlanner\\src\\components\\SeatingPlan\\GenerationModal.tsx": {"path":"c:\\Users\\kkobr\\code\\SittingPlanner\\src\\components\\SeatingPlan\\GenerationModal.tsx","statementMap":{"0":{"start":{"line":12,"column":2},"end":{"line":12,"column":null}},"1":{"start":{"line":12,"column":15},"end":{"line":12,"column":null}},"2":{"start":{"line":13,"column":2},"end":{"line":29,"column":null}},"3":{"start":{"line":20,"column":54},"end":{"line":20,"column":67}}},"fnMap":{"0":{"name":"GenerationModal","decl":{"start":{"line":11,"column":16},"end":{"line":11,"column":32}},"loc":{"start":{"line":11,"column":84},"end":{"line":31,"column":null}},"line":11},"1":{"name":"(anonymous_1)","decl":{"start":{"line":20,"column":48},"end":{"line":20,"column":54}},"loc":{"start":{"line":20,"column":54},"end":{"line":20,"column":67}},"line":20}},"branchMap":{"0":{"loc":{"start":{"line":12,"column":2},"end":{"line":12,"column":null}},"type":"if","locations":[{"start":{"line":12,"column":2},"end":{"line":12,"column":null}},{"start":{},"end":{}}],"line":12}},"s":{"0":0,"1":0,"2":0,"3":0},"f":{"0":0,"1":0},"b":{"0":[0,0]},"meta":{"lastBranch":1,"lastFunction":2,"lastStatement":4,"seen":{"f:11:16:11:32":0,"b:12:2:12:Infinity:undefined:undefined:undefined:undefined":0,"s:12:2:12:Infinity":0,"s:12:15:12:Infinity":1,"s:13:2:29:Infinity":2,"f:20:48:20:54":1,"s:20:54:20:67":3}}}
,"c:\\Users\\kkobr\\code\\SittingPlanner\\src\\components\\SeatingPlan\\GuestCard.tsx": {"path":"c:\\Users\\kkobr\\code\\SittingPlanner\\src\\components\\SeatingPlan\\GuestCard.tsx","statementMap":{"0":{"start":{"line":21,"column":2},"end":{"line":43,"column":null}},"1":{"start":{"line":25,"column":25},"end":{"line":25,"column":null}},"2":{"start":{"line":27,"column":8},"end":{"line":27,"column":null}},"3":{"start":{"line":28,"column":8},"end":{"line":28,"column":null}},"4":{"start":{"line":32,"column":8},"end":{"line":32,"column":null}},"5":{"start":{"line":32,"column":31},"end":{"line":32,"column":null}}},"fnMap":{"0":{"name":"GuestCard","decl":{"start":{"line":13,"column":16},"end":{"line":13,"column":26}},"loc":{"start":{"line":20,"column":19},"end":{"line":45,"column":null}},"line":20},"1":{"name":"(anonymous_1)","decl":{"start":{"line":25,"column":19},"end":{"line":25,"column":25}},"loc":{"start":{"line":25,"column":25},"end":{"line":25,"column":null}},"line":25},"2":{"name":"(anonymous_2)","decl":{"start":{"line":26,"column":21},"end":{"line":26,"column":22}},"loc":{"start":{"line":26,"column":28},"end":{"line":29,"column":null}},"line":26},"3":{"name":"(anonymous_3)","decl":{"start":{"line":31,"column":17},"end":{"line":31,"column":18}},"loc":{"start":{"line":31,"column":24},"end":{"line":33,"column":null}},"line":31}},"branchMap":{"0":{"loc":{"start":{"line":32,"column":8},"end":{"line":32,"column":null}},"type":"if","locations":[{"start":{"line":32,"column":8},"end":{"line":32,"column":null}},{"start":{},"end":{}}],"line":32},"1":{"loc":{"start":{"line":34,"column":41},"end":{"line":34,"column":85}},"type":"cond-expr","locations":[{"start":{"line":34,"column":56},"end":{"line":34,"column":83}},{"start":{"line":34,"column":83},"end":{"line":34,"column":85}}],"line":34},"2":{"loc":{"start":{"line":36,"column":7},"end":{"line":39,"column":null}},"type":"binary-expr","locations":[{"start":{"line":36,"column":7},"end":{"line":36,"column":null}},{"start":{"line":37,"column":8},"end":{"line":39,"column":null}}],"line":36}},"s":{"0":0,"1":0,"2":0,"3":0,"4":0,"5":0},"f":{"0":0,"1":0,"2":0,"3":0},"b":{"0":[0,0],"1":[0,0],"2":[0,0]},"meta":{"lastBranch":3,"lastFunction":4,"lastStatement":6,"seen":{"f:13:16:13:26":0,"s:21:2:43:Infinity":0,"f:25:19:25:25":1,"s:25:25:25:Infinity":1,"f:26:21:26:22":2,"s:27:8:27:Infinity":2,"s:28:8:28:Infinity":3,"f:31:17:31:18":3,"b:32:8:32:Infinity:undefined:undefined:undefined:undefined":0,"s:32:8:32:Infinity":4,"s:32:31:32:Infinity":5,"b:34:56:34:83:34:83:34:85":1,"b:36:7:36:Infinity:37:8:39:Infinity":2}}}
,"c:\\Users\\kkobr\\code\\SittingPlanner\\src\\components\\SeatingPlan\\MoveGuestModal.tsx": {"path":"c:\\Users\\kkobr\\code\\SittingPlanner\\src\\components\\SeatingPlan\\MoveGuestModal.tsx","statementMap":{"0":{"start":{"line":14,"column":2},"end":{"line":14,"column":null}},"1":{"start":{"line":14,"column":23},"end":{"line":14,"column":null}},"2":{"start":{"line":15,"column":2},"end":{"line":45,"column":null}},"3":{"start":{"line":25,"column":14},"end":{"line":35,"column":null}},"4":{"start":{"line":30,"column":33},"end":{"line":30,"column":null}}},"fnMap":{"0":{"name":"MoveGuestModal","decl":{"start":{"line":13,"column":16},"end":{"line":13,"column":31}},"loc":{"start":{"line":13,"column":97},"end":{"line":47,"column":null}},"line":13},"1":{"name":"(anonymous_1)","decl":{"start":{"line":24,"column":24},"end":{"line":24,"column":25}},"loc":{"start":{"line":25,"column":14},"end":{"line":35,"column":null}},"line":25},"2":{"name":"(anonymous_2)","decl":{"start":{"line":30,"column":27},"end":{"line":30,"column":33}},"loc":{"start":{"line":30,"column":33},"end":{"line":30,"column":null}},"line":30}},"branchMap":{"0":{"loc":{"start":{"line":14,"column":2},"end":{"line":14,"column":null}},"type":"if","locations":[{"start":{"line":14,"column":2},"end":{"line":14,"column":null}},{"start":{},"end":{}}],"line":14},"1":{"loc":{"start":{"line":14,"column":6},"end":{"line":14,"column":23}},"type":"binary-expr","locations":[{"start":{"line":14,"column":6},"end":{"line":14,"column":15}},{"start":{"line":14,"column":15},"end":{"line":14,"column":23}}],"line":14}},"s":{"0":0,"1":0,"2":0,"3":0,"4":0},"f":{"0":0,"1":0,"2":0},"b":{"0":[0,0],"1":[0,0]},"meta":{"lastBranch":2,"lastFunction":3,"lastStatement":5,"seen":{"f:13:16:13:31":0,"b:14:2:14:Infinity:undefined:undefined:undefined:undefined":0,"s:14:2:14:Infinity":0,"b:14:6:14:15:14:15:14:23":1,"s:14:23:14:Infinity":1,"s:15:2:45:Infinity":2,"f:24:24:24:25":1,"s:25:14:35:Infinity":3,"f:30:27:30:33":2,"s:30:33:30:Infinity":4}}}
,"c:\\Users\\kkobr\\code\\SittingPlanner\\src\\components\\SeatingPlan\\PlanSummary.tsx": {"path":"c:\\Users\\kkobr\\code\\SittingPlanner\\src\\components\\SeatingPlan\\PlanSummary.tsx","statementMap":{"0":{"start":{"line":13,"column":2},"end":{"line":44,"column":null}},"1":{"start":{"line":36,"column":14},"end":{"line":39,"column":null}}},"fnMap":{"0":{"name":"PlanSummary","decl":{"start":{"line":12,"column":16},"end":{"line":12,"column":28}},"loc":{"start":{"line":12,"column":114},"end":{"line":46,"column":null}},"line":12},"1":{"name":"(anonymous_1)","decl":{"start":{"line":35,"column":26},"end":{"line":35,"column":27}},"loc":{"start":{"line":36,"column":14},"end":{"line":39,"column":null}},"line":36}},"branchMap":{"0":{"loc":{"start":{"line":21,"column":53},"end":{"line":21,"column":78}},"type":"binary-expr","locations":[{"start":{"line":21,"column":53},"end":{"line":21,"column":74}},{"start":{"line":21,"column":74},"end":{"line":21,"column":78}}],"line":21},"1":{"loc":{"start":{"line":26,"column":13},"end":{"line":26,"column":27}},"type":"binary-expr","locations":[{"start":{"line":26,"column":13},"end":{"line":26,"column":25}},{"start":{"line":26,"column":25},"end":{"line":26,"column":27}}],"line":26},"2":{"loc":{"start":{"line":26,"column":31},"end":{"line":26,"column":null}},"type":"binary-expr","locations":[{"start":{"line":26,"column":31},"end":{"line":26,"column":46}},{"start":{"line":26,"column":46},"end":{"line":26,"column":null}}],"line":26},"3":{"loc":{"start":{"line":31,"column":43},"end":{"line":31,"column":59}},"type":"binary-expr","locations":[{"start":{"line":31,"column":43},"end":{"line":31,"column":57}},{"start":{"line":31,"column":57},"end":{"line":31,"column":59}}],"line":31},"4":{"loc":{"start":{"line":33,"column":9},"end":{"line":41,"column":null}},"type":"binary-expr","locations":[{"start":{"line":33,"column":9},"end":{"line":33,"column":21}},{"start":{"line":33,"column":21},"end":{"line":33,"column":null}},{"start":{"line":34,"column":10},"end":{"line":41,"column":null}}],"line":33}},"s":{"0":0,"1":0},"f":{"0":0,"1":0},"b":{"0":[0,0],"1":[0,0],"2":[0,0],"3":[0,0],"4":[0,0,0]},"meta":{"lastBranch":5,"lastFunction":2,"lastStatement":2,"seen":{"f:12:16:12:28":0,"s:13:2:44:Infinity":0,"b:21:53:21:74:21:74:21:78":0,"b:26:13:26:25:26:25:26:27":1,"b:26:31:26:46:26:46:26:Infinity":2,"b:31:43:31:57:31:57:31:59":3,"b:33:9:33:21:33:21:33:Infinity:34:10:41:Infinity":4,"f:35:26:35:27":1,"s:36:14:39:Infinity":1}}}
,"c:\\Users\\kkobr\\code\\SittingPlanner\\src\\components\\SeatingPlan\\PlanToolbar.tsx": {"path":"c:\\Users\\kkobr\\code\\SittingPlanner\\src\\components\\SeatingPlan\\PlanToolbar.tsx","statementMap":{"0":{"start":{"line":19,"column":2},"end":{"line":35,"column":null}},"1":{"start":{"line":30,"column":27},"end":{"line":30,"column":null}}},"fnMap":{"0":{"name":"PlanToolbar","decl":{"start":{"line":12,"column":16},"end":{"line":12,"column":28}},"loc":{"start":{"line":18,"column":21},"end":{"line":37,"column":null}},"line":18},"1":{"name":"(anonymous_1)","decl":{"start":{"line":30,"column":20},"end":{"line":30,"column":21}},"loc":{"start":{"line":30,"column":27},"end":{"line":30,"column":null}},"line":30}},"branchMap":{"0":{"loc":{"start":{"line":21,"column":24},"end":{"line":21,"column":50}},"type":"binary-expr","locations":[{"start":{"line":21,"column":24},"end":{"line":21,"column":36}},{"start":{"line":21,"column":36},"end":{"line":21,"column":50}}],"line":21},"1":{"loc":{"start":{"line":22,"column":9},"end":{"line":22,"column":null}},"type":"cond-expr","locations":[{"start":{"line":22,"column":24},"end":{"line":22,"column":40}},{"start":{"line":22,"column":40},"end":{"line":22,"column":null}}],"line":22}},"s":{"0":0,"1":0},"f":{"0":0,"1":0},"b":{"0":[0,0],"1":[0,0]},"meta":{"lastBranch":2,"lastFunction":2,"lastStatement":2,"seen":{"f:12:16:12:28":0,"s:19:2:35:Infinity":0,"b:21:24:21:36:21:36:21:50":0,"b:22:24:22:40:22:40:22:Infinity":1,"f:30:20:30:21":1,"s:30:27:30:Infinity":1}}}
,"c:\\Users\\kkobr\\code\\SittingPlanner\\src\\components\\SeatingPlan\\RulePreview.tsx": {"path":"c:\\Users\\kkobr\\code\\SittingPlanner\\src\\components\\SeatingPlan\\RulePreview.tsx","statementMap":{"0":{"start":{"line":16,"column":31},"end":{"line":28,"column":null}},"1":{"start":{"line":17,"column":70},"end":{"line":17,"column":null}},"2":{"start":{"line":19,"column":4},"end":{"line":25,"column":null}},"3":{"start":{"line":20,"column":19},"end":{"line":20,"column":null}},"4":{"start":{"line":21,"column":6},"end":{"line":23,"column":null}},"5":{"start":{"line":22,"column":8},"end":{"line":22,"column":null}},"6":{"start":{"line":24,"column":6},"end":{"line":24,"column":null}},"7":{"start":{"line":27,"column":4},"end":{"line":27,"column":null}},"8":{"start":{"line":31,"column":92},"end":{"line":38,"column":null}},"9":{"start":{"line":40,"column":27},"end":{"line":45,"column":null}},"10":{"start":{"line":41,"column":4},"end":{"line":41,"column":null}},"11":{"start":{"line":41,"column":19},"end":{"line":41,"column":null}},"12":{"start":{"line":42,"column":4},"end":{"line":42,"column":null}},"13":{"start":{"line":42,"column":23},"end":{"line":42,"column":null}},"14":{"start":{"line":43,"column":4},"end":{"line":43,"column":null}},"15":{"start":{"line":43,"column":23},"end":{"line":43,"column":null}},"16":{"start":{"line":44,"column":4},"end":{"line":44,"column":null}},"17":{"start":{"line":47,"column":27},"end":{"line":52,"column":null}},"18":{"start":{"line":48,"column":4},"end":{"line":48,"column":null}},"19":{"start":{"line":48,"column":19},"end":{"line":48,"column":null}},"20":{"start":{"line":49,"column":4},"end":{"line":49,"column":null}},"21":{"start":{"line":49,"column":23},"end":{"line":49,"column":null}},"22":{"start":{"line":50,"column":4},"end":{"line":50,"column":null}},"23":{"start":{"line":50,"column":23},"end":{"line":50,"column":null}},"24":{"start":{"line":51,"column":4},"end":{"line":51,"column":null}},"25":{"start":{"line":54,"column":2},"end":{"line":67,"column":null}},"26":{"start":{"line":55,"column":4},"end":{"line":65,"column":null}},"27":{"start":{"line":69,"column":2},"end":{"line":82,"column":null}},"28":{"start":{"line":70,"column":4},"end":{"line":80,"column":null}},"29":{"start":{"line":84,"column":2},"end":{"line":140,"column":null}},"30":{"start":{"line":94,"column":23},"end":{"line":94,"column":null}},"31":{"start":{"line":96,"column":10},"end":{"line":136,"column":null}},"32":{"start":{"line":106,"column":18},"end":{"line":133,"column":null}},"33":{"start":{"line":120,"column":28},"end":{"line":125,"column":null}}},"fnMap":{"0":{"name":"RulePreview","decl":{"start":{"line":14,"column":16},"end":{"line":14,"column":28}},"loc":{"start":{"line":14,"column":87},"end":{"line":142,"column":null}},"line":14},"1":{"name":"(anonymous_1)","decl":{"start":{"line":16,"column":45},"end":{"line":16,"column":51}},"loc":{"start":{"line":16,"column":51},"end":{"line":28,"column":5}},"line":16},"2":{"name":"(anonymous_2)","decl":{"start":{"line":19,"column":26},"end":{"line":19,"column":27}},"loc":{"start":{"line":19,"column":35},"end":{"line":25,"column":5}},"line":19},"3":{"name":"(anonymous_3)","decl":{"start":{"line":40,"column":27},"end":{"line":40,"column":28}},"loc":{"start":{"line":40,"column":64},"end":{"line":45,"column":null}},"line":40},"4":{"name":"(anonymous_4)","decl":{"start":{"line":47,"column":27},"end":{"line":47,"column":28}},"loc":{"start":{"line":47,"column":64},"end":{"line":52,"column":null}},"line":47},"5":{"name":"(anonymous_5)","decl":{"start":{"line":93,"column":50},"end":{"line":93,"column":51}},"loc":{"start":{"line":93,"column":68},"end":{"line":138,"column":9}},"line":93},"6":{"name":"(anonymous_6)","decl":{"start":{"line":105,"column":26},"end":{"line":105,"column":27}},"loc":{"start":{"line":106,"column":18},"end":{"line":133,"column":null}},"line":106},"7":{"name":"(anonymous_7)","decl":{"start":{"line":119,"column":46},"end":{"line":119,"column":47}},"loc":{"start":{"line":120,"column":28},"end":{"line":125,"column":null}},"line":120}},"branchMap":{"0":{"loc":{"start":{"line":14,"column":30},"end":{"line":14,"column":50}},"type":"default-arg","locations":[{"start":{"line":14,"column":46},"end":{"line":14,"column":50}}],"line":14},"1":{"loc":{"start":{"line":14,"column":50},"end":{"line":14,"column":66}},"type":"default-arg","locations":[{"start":{"line":14,"column":60},"end":{"line":14,"column":66}}],"line":14},"2":{"loc":{"start":{"line":20,"column":19},"end":{"line":20,"column":null}},"type":"binary-expr","locations":[{"start":{"line":20,"column":19},"end":{"line":20,"column":44}},{"start":{"line":20,"column":44},"end":{"line":20,"column":null}}],"line":20},"3":{"loc":{"start":{"line":21,"column":6},"end":{"line":23,"column":null}},"type":"if","locations":[{"start":{"line":21,"column":6},"end":{"line":23,"column":null}},{"start":{},"end":{}}],"line":21},"4":{"loc":{"start":{"line":41,"column":4},"end":{"line":41,"column":null}},"type":"if","locations":[{"start":{"line":41,"column":4},"end":{"line":41,"column":null}},{"start":{},"end":{}}],"line":41},"5":{"loc":{"start":{"line":42,"column":4},"end":{"line":42,"column":null}},"type":"if","locations":[{"start":{"line":42,"column":4},"end":{"line":42,"column":null}},{"start":{},"end":{}}],"line":42},"6":{"loc":{"start":{"line":43,"column":4},"end":{"line":43,"column":null}},"type":"if","locations":[{"start":{"line":43,"column":4},"end":{"line":43,"column":null}},{"start":{},"end":{}}],"line":43},"7":{"loc":{"start":{"line":48,"column":4},"end":{"line":48,"column":null}},"type":"if","locations":[{"start":{"line":48,"column":4},"end":{"line":48,"column":null}},{"start":{},"end":{}}],"line":48},"8":{"loc":{"start":{"line":49,"column":4},"end":{"line":49,"column":null}},"type":"if","locations":[{"start":{"line":49,"column":4},"end":{"line":49,"column":null}},{"start":{},"end":{}}],"line":49},"9":{"loc":{"start":{"line":50,"column":4},"end":{"line":50,"column":null}},"type":"if","locations":[{"start":{"line":50,"column":4},"end":{"line":50,"column":null}},{"start":{},"end":{}}],"line":50},"10":{"loc":{"start":{"line":54,"column":2},"end":{"line":67,"column":null}},"type":"if","locations":[{"start":{"line":54,"column":2},"end":{"line":67,"column":null}},{"start":{},"end":{}}],"line":54},"11":{"loc":{"start":{"line":69,"column":2},"end":{"line":82,"column":null}},"type":"if","locations":[{"start":{"line":69,"column":2},"end":{"line":82,"column":null}},{"start":{},"end":{}}],"line":69},"12":{"loc":{"start":{"line":89,"column":46},"end":{"line":89,"column":84}},"type":"cond-expr","locations":[{"start":{"line":89,"column":75},"end":{"line":89,"column":81}},{"start":{"line":89,"column":81},"end":{"line":89,"column":84}}],"line":89},"13":{"loc":{"start":{"line":94,"column":23},"end":{"line":94,"column":null}},"type":"binary-expr","locations":[{"start":{"line":94,"column":23},"end":{"line":94,"column":49}},{"start":{"line":94,"column":49},"end":{"line":94,"column":null}}],"line":94},"14":{"loc":{"start":{"line":116,"column":21},"end":{"line":131,"column":null}},"type":"binary-expr","locations":[{"start":{"line":116,"column":21},"end":{"line":116,"column":null}},{"start":{"line":117,"column":22},"end":{"line":131,"column":null}}],"line":116},"15":{"loc":{"start":{"line":123,"column":32},"end":{"line":123,"column":null}},"type":"cond-expr","locations":[{"start":{"line":123,"column":52},"end":{"line":123,"column":85}},{"start":{"line":123,"column":85},"end":{"line":123,"column":null}}],"line":123}},"s":{"0":0,"1":0,"2":0,"3":0,"4":0,"5":0,"6":0,"7":0,"8":0,"9":0,"10":0,"11":0,"12":0,"13":0,"14":0,"15":0,"16":0,"17":0,"18":0,"19":0,"20":0,"21":0,"22":0,"23":0,"24":0,"25":0,"26":0,"27":0,"28":0,"29":0,"30":0,"31":0,"32":0,"33":0},"f":{"0":0,"1":0,"2":0,"3":0,"4":0,"5":0,"6":0,"7":0},"b":{"0":[0],"1":[0],"2":[0,0],"3":[0,0],"4":[0,0],"5":[0,0],"6":[0,0],"7":[0,0],"8":[0,0],"9":[0,0],"10":[0,0],"11":[0,0],"12":[0,0],"13":[0,0],"14":[0,0],"15":[0,0]},"meta":{"lastBranch":16,"lastFunction":8,"lastStatement":34,"seen":{"f:14:16:14:28":0,"b:14:46:14:50":0,"b:14:60:14:66":1,"s:16:31:28:Infinity":0,"f:16:45:16:51":1,"s:17:70:17:Infinity":1,"s:19:4:25:Infinity":2,"f:19:26:19:27":2,"s:20:19:20:Infinity":3,"b:20:19:20:44:20:44:20:Infinity":2,"b:21:6:23:Infinity:undefined:undefined:undefined:undefined":3,"s:21:6:23:Infinity":4,"s:22:8:22:Infinity":5,"s:24:6:24:Infinity":6,"s:27:4:27:Infinity":7,"s:31:92:38:Infinity":8,"s:40:27:45:Infinity":9,"f:40:27:40:28":3,"b:41:4:41:Infinity:undefined:undefined:undefined:undefined":4,"s:41:4:41:Infinity":10,"s:41:19:41:Infinity":11,"b:42:4:42:Infinity:undefined:undefined:undefined:undefined":5,"s:42:4:42:Infinity":12,"s:42:23:42:Infinity":13,"b:43:4:43:Infinity:undefined:undefined:undefined:undefined":6,"s:43:4:43:Infinity":14,"s:43:23:43:Infinity":15,"s:44:4:44:Infinity":16,"s:47:27:52:Infinity":17,"f:47:27:47:28":4,"b:48:4:48:Infinity:undefined:undefined:undefined:undefined":7,"s:48:4:48:Infinity":18,"s:48:19:48:Infinity":19,"b:49:4:49:Infinity:undefined:undefined:undefined:undefined":8,"s:49:4:49:Infinity":20,"s:49:23:49:Infinity":21,"b:50:4:50:Infinity:undefined:undefined:undefined:undefined":9,"s:50:4:50:Infinity":22,"s:50:23:50:Infinity":23,"s:51:4:51:Infinity":24,"b:54:2:67:Infinity:undefined:undefined:undefined:undefined":10,"s:54:2:67:Infinity":25,"s:55:4:65:Infinity":26,"b:69:2:82:Infinity:undefined:undefined:undefined:undefined":11,"s:69:2:82:Infinity":27,"s:70:4:80:Infinity":28,"s:84:2:140:Infinity":29,"b:89:75:89:81:89:81:89:84":12,"f:93:50:93:51":5,"s:94:23:94:Infinity":30,"b:94:23:94:49:94:49:94:Infinity":13,"s:96:10:136:Infinity":31,"f:105:26:105:27":6,"s:106:18:133:Infinity":32,"b:116:21:116:Infinity:117:22:131:Infinity":14,"f:119:46:119:47":7,"s:120:28:125:Infinity":33,"b:123:52:123:85:123:85:123:Infinity":15}}}
,"c:\\Users\\kkobr\\code\\SittingPlanner\\src\\components\\SeatingPlan\\SeatingPlanPage.tsx": {"path":"c:\\Users\\kkobr\\code\\SittingPlanner\\src\\components\\SeatingPlan\\SeatingPlanPage.tsx","statementMap":{"0":{"start":{"line":21,"column":73},"end":{"line":21,"column":null}},"1":{"start":{"line":22,"column":38},"end":{"line":22,"column":null}},"2":{"start":{"line":23,"column":52},"end":{"line":23,"column":null}},"3":{"start":{"line":24,"column":42},"end":{"line":24,"column":null}},"4":{"start":{"line":25,"column":48},"end":{"line":25,"column":null}},"5":{"start":{"line":26,"column":42},"end":{"line":26,"column":null}},"6":{"start":{"line":27,"column":42},"end":{"line":27,"column":null}},"7":{"start":{"line":28,"column":8},"end":{"line":28,"column":null}},"8":{"start":{"line":29,"column":8},"end":{"line":29,"column":null}},"9":{"start":{"line":30,"column":63},"end":{"line":30,"column":null}},"10":{"start":{"line":33,"column":24},"end":{"line":51,"column":null}},"11":{"start":{"line":33,"column":31},"end":{"line":51,"column":null}},"12":{"start":{"line":35,"column":36},"end":{"line":40,"column":6}},"13":{"start":{"line":41,"column":36},"end":{"line":45,"column":6}},"14":{"start":{"line":46,"column":46},"end":{"line":50,"column":6}},"15":{"start":{"line":53,"column":26},"end":{"line":59,"column":null}},"16":{"start":{"line":54,"column":10},"end":{"line":54,"column":null}},"17":{"start":{"line":55,"column":4},"end":{"line":55,"column":null}},"18":{"start":{"line":56,"column":4},"end":{"line":56,"column":null}},"19":{"start":{"line":57,"column":4},"end":{"line":57,"column":null}},"20":{"start":{"line":58,"column":4},"end":{"line":58,"column":null}},"21":{"start":{"line":58,"column":21},"end":{"line":58,"column":46}},"22":{"start":{"line":61,"column":32},"end":{"line":67,"column":null}},"23":{"start":{"line":62,"column":10},"end":{"line":62,"column":null}},"24":{"start":{"line":63,"column":4},"end":{"line":63,"column":null}},"25":{"start":{"line":64,"column":4},"end":{"line":64,"column":null}},"26":{"start":{"line":65,"column":4},"end":{"line":65,"column":null}},"27":{"start":{"line":66,"column":4},"end":{"line":66,"column":null}},"28":{"start":{"line":66,"column":21},"end":{"line":66,"column":46}},"29":{"start":{"line":69,"column":26},"end":{"line":75,"column":null}},"30":{"start":{"line":70,"column":10},"end":{"line":70,"column":null}},"31":{"start":{"line":71,"column":4},"end":{"line":71,"column":null}},"32":{"start":{"line":72,"column":4},"end":{"line":72,"column":null}},"33":{"start":{"line":73,"column":4},"end":{"line":73,"column":null}},"34":{"start":{"line":74,"column":4},"end":{"line":74,"column":null}},"35":{"start":{"line":74,"column":21},"end":{"line":74,"column":46}},"36":{"start":{"line":77,"column":28},"end":{"line":79,"column":null}},"37":{"start":{"line":78,"column":4},"end":{"line":78,"column":null}},"38":{"start":{"line":82,"column":21},"end":{"line":112,"column":null}},"39":{"start":{"line":83,"column":28},"end":{"line":83,"column":null}},"40":{"start":{"line":83,"column":57},"end":{"line":83,"column":79}},"41":{"start":{"line":84,"column":23},"end":{"line":84,"column":null}},"42":{"start":{"line":84,"column":47},"end":{"line":84,"column":63}},"43":{"start":{"line":85,"column":23},"end":{"line":85,"column":null}},"44":{"start":{"line":85,"column":47},"end":{"line":85,"column":65}},"45":{"start":{"line":87,"column":19},"end":{"line":89,"column":null}},"46":{"start":{"line":90,"column":4},"end":{"line":90,"column":null}},"47":{"start":{"line":91,"column":4},"end":{"line":111,"column":null}},"48":{"start":{"line":92,"column":6},"end":{"line":106,"column":null}},"49":{"start":{"line":94,"column":8},"end":{"line":98,"column":null}},"50":{"start":{"line":101,"column":8},"end":{"line":105,"column":null}},"51":{"start":{"line":108,"column":23},"end":{"line":108,"column":null}},"52":{"start":{"line":109,"column":6},"end":{"line":109,"column":null}},"53":{"start":{"line":110,"column":6},"end":{"line":110,"column":null}},"54":{"start":{"line":110,"column":23},"end":{"line":110,"column":48}},"55":{"start":{"line":115,"column":25},"end":{"line":124,"column":null}},"56":{"start":{"line":116,"column":28},"end":{"line":116,"column":null}},"57":{"start":{"line":116,"column":57},"end":{"line":116,"column":79}},"58":{"start":{"line":117,"column":23},"end":{"line":117,"column":null}},"59":{"start":{"line":117,"column":47},"end":{"line":117,"column":63}},"60":{"start":{"line":119,"column":4},"end":{"line":123,"column":null}},"61":{"start":{"line":120,"column":6},"end":{"line":120,"column":null}},"62":{"start":{"line":121,"column":6},"end":{"line":121,"column":null}},"63":{"start":{"line":122,"column":6},"end":{"line":122,"column":null}},"64":{"start":{"line":122,"column":23},"end":{"line":122,"column":48}},"65":{"start":{"line":127,"column":4},"end":{"line":127,"column":null}},"66":{"start":{"line":128,"column":4},"end":{"line":128,"column":null}},"67":{"start":{"line":132,"column":4},"end":{"line":132,"column":null}},"68":{"start":{"line":135,"column":4},"end":{"line":135,"column":null}},"69":{"start":{"line":136,"column":4},"end":{"line":136,"column":null}},"70":{"start":{"line":137,"column":4},"end":{"line":139,"column":null}},"71":{"start":{"line":138,"column":23},"end":{"line":138,"column":null}},"72":{"start":{"line":143,"column":27},"end":{"line":143,"column":null}},"73":{"start":{"line":143,"column":63},"end":{"line":143,"column":73}},"74":{"start":{"line":144,"column":27},"end":{"line":144,"column":null}},"75":{"start":{"line":144,"column":53},"end":{"line":144,"column":80}},"76":{"start":{"line":146,"column":2},"end":{"line":152,"column":null}},"77":{"start":{"line":154,"column":22},"end":{"line":160,"column":null}},"78":{"start":{"line":163,"column":2},"end":{"line":165,"column":null}},"79":{"start":{"line":164,"column":4},"end":{"line":164,"column":null}},"80":{"start":{"line":166,"column":2},"end":{"line":191,"column":null}},"81":{"start":{"line":167,"column":4},"end":{"line":189,"column":null}},"82":{"start":{"line":192,"column":2},"end":{"line":287,"column":null}},"83":{"start":{"line":211,"column":29},"end":{"line":211,"column":null}},"84":{"start":{"line":217,"column":29},"end":{"line":217,"column":null}},"85":{"start":{"line":243,"column":23},"end":{"line":243,"column":null}},"86":{"start":{"line":252,"column":10},"end":{"line":252,"column":null}},"87":{"start":{"line":252,"column":36},"end":{"line":252,"column":null}},"88":{"start":{"line":253,"column":10},"end":{"line":253,"column":null}},"89":{"start":{"line":255,"column":23},"end":{"line":255,"column":null}}},"fnMap":{"0":{"name":"SeatingPlanPage","decl":{"start":{"line":18,"column":24},"end":{"line":18,"column":40}},"loc":{"start":{"line":18,"column":74},"end":{"line":289,"column":null}},"line":18},"1":{"name":"(anonymous_1)","decl":{"start":{"line":33,"column":24},"end":{"line":33,"column":31}},"loc":{"start":{"line":33,"column":31},"end":{"line":51,"column":null}},"line":33},"2":{"name":"(anonymous_2)","decl":{"start":{"line":35,"column":23},"end":{"line":35,"column":24}},"loc":{"start":{"line":35,"column":36},"end":{"line":40,"column":6}},"line":35},"3":{"name":"(anonymous_3)","decl":{"start":{"line":41,"column":23},"end":{"line":41,"column":24}},"loc":{"start":{"line":41,"column":36},"end":{"line":45,"column":6}},"line":41},"4":{"name":"(anonymous_4)","decl":{"start":{"line":46,"column":33},"end":{"line":46,"column":34}},"loc":{"start":{"line":46,"column":46},"end":{"line":50,"column":6}},"line":46},"5":{"name":"(anonymous_5)","decl":{"start":{"line":53,"column":26},"end":{"line":53,"column":32}},"loc":{"start":{"line":53,"column":32},"end":{"line":59,"column":null}},"line":53},"6":{"name":"(anonymous_6)","decl":{"start":{"line":58,"column":15},"end":{"line":58,"column":21}},"loc":{"start":{"line":58,"column":21},"end":{"line":58,"column":46}},"line":58},"7":{"name":"(anonymous_7)","decl":{"start":{"line":61,"column":32},"end":{"line":61,"column":33}},"loc":{"start":{"line":61,"column":63},"end":{"line":67,"column":null}},"line":61},"8":{"name":"(anonymous_8)","decl":{"start":{"line":66,"column":15},"end":{"line":66,"column":21}},"loc":{"start":{"line":66,"column":21},"end":{"line":66,"column":46}},"line":66},"9":{"name":"(anonymous_9)","decl":{"start":{"line":69,"column":26},"end":{"line":69,"column":32}},"loc":{"start":{"line":69,"column":32},"end":{"line":75,"column":null}},"line":69},"10":{"name":"(anonymous_10)","decl":{"start":{"line":74,"column":15},"end":{"line":74,"column":21}},"loc":{"start":{"line":74,"column":21},"end":{"line":74,"column":46}},"line":74},"11":{"name":"(anonymous_11)","decl":{"start":{"line":77,"column":28},"end":{"line":77,"column":34}},"loc":{"start":{"line":77,"column":34},"end":{"line":79,"column":null}},"line":77},"12":{"name":"(anonymous_12)","decl":{"start":{"line":82,"column":21},"end":{"line":82,"column":28}},"loc":{"start":{"line":82,"column":90},"end":{"line":112,"column":null}},"line":82},"13":{"name":"(anonymous_13)","decl":{"start":{"line":83,"column":45},"end":{"line":83,"column":46}},"loc":{"start":{"line":83,"column":57},"end":{"line":83,"column":79}},"line":83},"14":{"name":"(anonymous_14)","decl":{"start":{"line":84,"column":35},"end":{"line":84,"column":36}},"loc":{"start":{"line":84,"column":47},"end":{"line":84,"column":63}},"line":84},"15":{"name":"(anonymous_15)","decl":{"start":{"line":85,"column":35},"end":{"line":85,"column":36}},"loc":{"start":{"line":85,"column":47},"end":{"line":85,"column":65}},"line":85},"16":{"name":"(anonymous_16)","decl":{"start":{"line":110,"column":17},"end":{"line":110,"column":23}},"loc":{"start":{"line":110,"column":23},"end":{"line":110,"column":48}},"line":110},"17":{"name":"(anonymous_17)","decl":{"start":{"line":115,"column":25},"end":{"line":115,"column":32}},"loc":{"start":{"line":115,"column":52},"end":{"line":124,"column":null}},"line":115},"18":{"name":"(anonymous_18)","decl":{"start":{"line":116,"column":45},"end":{"line":116,"column":46}},"loc":{"start":{"line":116,"column":57},"end":{"line":116,"column":79}},"line":116},"19":{"name":"(anonymous_19)","decl":{"start":{"line":117,"column":35},"end":{"line":117,"column":36}},"loc":{"start":{"line":117,"column":47},"end":{"line":117,"column":63}},"line":117},"20":{"name":"(anonymous_20)","decl":{"start":{"line":122,"column":17},"end":{"line":122,"column":23}},"loc":{"start":{"line":122,"column":23},"end":{"line":122,"column":48}},"line":122},"21":{"name":"handleRevert","decl":{"start":{"line":126,"column":11},"end":{"line":126,"column":26}},"loc":{"start":{"line":126,"column":26},"end":{"line":129,"column":null}},"line":126},"22":{"name":"handleGenerateClick","decl":{"start":{"line":131,"column":11},"end":{"line":131,"column":33}},"loc":{"start":{"line":131,"column":33},"end":{"line":133,"column":null}},"line":131},"23":{"name":"handleStartGeneration","decl":{"start":{"line":134,"column":11},"end":{"line":134,"column":33}},"loc":{"start":{"line":134,"column":47},"end":{"line":140,"column":null}},"line":134},"24":{"name":"(anonymous_24)","decl":{"start":{"line":138,"column":17},"end":{"line":138,"column":23}},"loc":{"start":{"line":138,"column":23},"end":{"line":138,"column":null}},"line":138},"25":{"name":"(anonymous_25)","decl":{"start":{"line":143,"column":51},"end":{"line":143,"column":52}},"loc":{"start":{"line":143,"column":63},"end":{"line":143,"column":73}},"line":143},"26":{"name":"(anonymous_26)","decl":{"start":{"line":144,"column":41},"end":{"line":144,"column":42}},"loc":{"start":{"line":144,"column":53},"end":{"line":144,"column":80}},"line":144},"27":{"name":"(anonymous_27)","decl":{"start":{"line":211,"column":23},"end":{"line":211,"column":29}},"loc":{"start":{"line":211,"column":29},"end":{"line":211,"column":null}},"line":211},"28":{"name":"(anonymous_28)","decl":{"start":{"line":217,"column":23},"end":{"line":217,"column":29}},"loc":{"start":{"line":217,"column":29},"end":{"line":217,"column":null}},"line":217},"29":{"name":"(anonymous_29)","decl":{"start":{"line":243,"column":17},"end":{"line":243,"column":23}},"loc":{"start":{"line":243,"column":23},"end":{"line":243,"column":null}},"line":243},"30":{"name":"(anonymous_30)","decl":{"start":{"line":251,"column":19},"end":{"line":251,"column":20}},"loc":{"start":{"line":251,"column":32},"end":{"line":254,"column":null}},"line":251},"31":{"name":"(anonymous_31)","decl":{"start":{"line":255,"column":17},"end":{"line":255,"column":23}},"loc":{"start":{"line":255,"column":23},"end":{"line":255,"column":null}},"line":255}},"branchMap":{"0":{"loc":{"start":{"line":88,"column":52},"end":{"line":88,"column":82}},"type":"binary-expr","locations":[{"start":{"line":88,"column":52},"end":{"line":88,"column":76}},{"start":{"line":88,"column":76},"end":{"line":88,"column":82}}],"line":88},"1":{"loc":{"start":{"line":91,"column":4},"end":{"line":111,"column":null}},"type":"if","locations":[{"start":{"line":91,"column":4},"end":{"line":111,"column":null}},{"start":{},"end":{}}],"line":91},"2":{"loc":{"start":{"line":92,"column":6},"end":{"line":106,"column":null}},"type":"if","locations":[{"start":{"line":92,"column":6},"end":{"line":106,"column":null}},{"start":{"line":99,"column":13},"end":{"line":106,"column":null}}],"line":92},"3":{"loc":{"start":{"line":92,"column":10},"end":{"line":92,"column":47}},"type":"binary-expr","locations":[{"start":{"line":92,"column":10},"end":{"line":92,"column":24}},{"start":{"line":92,"column":24},"end":{"line":92,"column":47}}],"line":92},"4":{"loc":{"start":{"line":108,"column":23},"end":{"line":108,"column":null}},"type":"cond-expr","locations":[{"start":{"line":108,"column":38},"end":{"line":108,"column":66}},{"start":{"line":108,"column":66},"end":{"line":108,"column":null}}],"line":108},"5":{"loc":{"start":{"line":109,"column":27},"end":{"line":109,"column":49}},"type":"binary-expr","locations":[{"start":{"line":109,"column":27},"end":{"line":109,"column":42}},{"start":{"line":109,"column":42},"end":{"line":109,"column":49}}],"line":109},"6":{"loc":{"start":{"line":109,"column":65},"end":{"line":109,"column":87}},"type":"binary-expr","locations":[{"start":{"line":109,"column":65},"end":{"line":109,"column":80}},{"start":{"line":109,"column":80},"end":{"line":109,"column":87}}],"line":109},"7":{"loc":{"start":{"line":119,"column":4},"end":{"line":123,"column":null}},"type":"if","locations":[{"start":{"line":119,"column":4},"end":{"line":123,"column":null}},{"start":{},"end":{}}],"line":119},"8":{"loc":{"start":{"line":119,"column":8},"end":{"line":119,"column":45}},"type":"binary-expr","locations":[{"start":{"line":119,"column":8},"end":{"line":119,"column":22}},{"start":{"line":119,"column":22},"end":{"line":119,"column":45}}],"line":119},"9":{"loc":{"start":{"line":121,"column":27},"end":{"line":121,"column":49}},"type":"binary-expr","locations":[{"start":{"line":121,"column":27},"end":{"line":121,"column":42}},{"start":{"line":121,"column":42},"end":{"line":121,"column":49}}],"line":121},"10":{"loc":{"start":{"line":163,"column":2},"end":{"line":165,"column":null}},"type":"if","locations":[{"start":{"line":163,"column":2},"end":{"line":165,"column":null}},{"start":{},"end":{}}],"line":163},"11":{"loc":{"start":{"line":166,"column":2},"end":{"line":191,"column":null}},"type":"if","locations":[{"start":{"line":166,"column":2},"end":{"line":191,"column":null}},{"start":{},"end":{}}],"line":166},"12":{"loc":{"start":{"line":166,"column":6},"end":{"line":166,"column":42}},"type":"binary-expr","locations":[{"start":{"line":166,"column":6},"end":{"line":166,"column":25}},{"start":{"line":166,"column":25},"end":{"line":166,"column":42}}],"line":166},"13":{"loc":{"start":{"line":171,"column":11},"end":{"line":171,"column":null}},"type":"binary-expr","locations":[{"start":{"line":171,"column":11},"end":{"line":171,"column":30}},{"start":{"line":171,"column":30},"end":{"line":171,"column":49}},{"start":{"line":171,"column":49},"end":{"line":171,"column":null}}],"line":171},"14":{"loc":{"start":{"line":172,"column":11},"end":{"line":172,"column":null}},"type":"binary-expr","locations":[{"start":{"line":172,"column":11},"end":{"line":172,"column":29}},{"start":{"line":172,"column":29},"end":{"line":172,"column":48}},{"start":{"line":172,"column":48},"end":{"line":172,"column":null}}],"line":172},"15":{"loc":{"start":{"line":173,"column":11},"end":{"line":173,"column":null}},"type":"binary-expr","locations":[{"start":{"line":173,"column":11},"end":{"line":173,"column":30}},{"start":{"line":173,"column":30},"end":{"line":173,"column":48}},{"start":{"line":173,"column":48},"end":{"line":173,"column":null}}],"line":173},"16":{"loc":{"start":{"line":201,"column":20},"end":{"line":201,"column":null}},"type":"binary-expr","locations":[{"start":{"line":201,"column":20},"end":{"line":201,"column":34}},{"start":{"line":201,"column":20},"end":{"line":201,"column":65}},{"start":{"line":201,"column":59},"end":{"line":201,"column":null}}],"line":201},"17":{"loc":{"start":{"line":201,"column":65},"end":{"line":201,"column":90}},"type":"binary-expr","locations":[{"start":{"line":201,"column":65},"end":{"line":201,"col
[...]
0],"19":[0,0],"20":[0,0],"21":[0,0]},"meta":{"lastBranch":22,"lastFunction":9,"lastStatement":52,"seen":{"f:23:2:23:22":0,"s:23:22:23:58":0,"f:34:8:34:27":1,"s:36:28:41:Infinity":1,"b:43:4:45:Infinity:undefined:undefined:undefined:undefined":0,"s:43:4:45:Infinity":2,"s:44:6:44:Infinity":3,"s:48:17:48:Infinity":4,"b:48:17:48:31:48:31:48:Infinity":1,"s:49:18:49:Infinity":5,"b:49:18:49:33:49:33:49:Infinity":2,"s:52:20:52:Infinity":6,"s:55:4:55:Infinity":7,"s:58:49:58:Infinity":8,"b:60:4:62:Infinity:undefined:undefined:undefined:undefined":3,"s:60:4:62:Infinity":9,"s:61:6:61:Infinity":10,"s:65:21:65:Infinity":11,"b:65:21:65:49:65:49:65:Infinity":4,"f:65:33:65:34":2,"s:65:40:65:44":12,"s:66:57:66:Infinity":13,"b:68:4:90:Infinity:undefined:undefined:undefined:undefined":5,"s:68:4:90:Infinity":14,"s:70:36:73:Infinity":15,"s:76:33:76:Infinity":16,"s:77:6:79:Infinity":17,"f:77:27:77:28":3,"s:78:8:78:Infinity":18,"b:78:44:78:82:78:82:78:87":6,"s:82:6:89:Infinity":19,"b:82:26:82:36:82:36:82:40":7,"s:83:30:83:Infinity":20,"b:83:30:83:66:83:66:83:Infinity":8,"s:84:8:88:Infinity":21,"s:92:4:94:Infinity":22,"f:105:8:105:21":4,"s:107:47:119:Infinity":23,"b:121:4:123:Infinity:undefined:undefined:undefined:undefined":9,"s:121:4:123:Infinity":24,"b:121:8:121:22:121:22:121:30":10,"s:122:6:122:Infinity":25,"b:126:4:132:Infinity:130:4:132:Infinity":11,"s:126:4:132:Infinity":26,"b:127:6:129:Infinity:undefined:undefined:undefined:undefined":12,"s:127:6:129:Infinity":27,"b:127:10:127:39:127:39:127:75":13,"s:128:8:128:Infinity":28,"b:130:4:132:Infinity:undefined:undefined:undefined:undefined":14,"s:130:4:132:Infinity":29,"s:131:6:131:Infinity":30,"s:135:37:138:Infinity":31,"s:141:37:141:Infinity":32,"s:143:4:147:Infinity":33,"b:145:22:145:39:145:39:145:Infinity":15,"b:146:45:146:62:146:62:146:Infinity":16,"f:159:8:159:20":5,"s:161:28:166:Infinity":34,"b:168:4:170:Infinity:undefined:undefined:undefined:undefined":17,"s:168:4:170:Infinity":35,"s:169:6:169:Infinity":36,"s:173:48:180:Infinity":37,"b:182:4:184:Infinity:undefined:undefined:undefined:undefined":18,"s:182:4:184:Infinity":38,"s:183:6:183:Infinity":39,"s:186:4:186:Infinity":40,"f:198:8:198:Infinity":6,"s:204:28:209:Infinity":41,"b:211:4:213:Infinity:undefined:undefined:undefined:undefined":19,"s:211:4:213:Infinity":42,"s:212:6:212:Infinity":43,"s:216:27:219:Infinity":44,"f:216:47:216:48":7,"s:216:55:219:6":45,"s:222:56:225:Infinity":46,"b:227:4:229:Infinity:undefined:undefined:undefined:undefined":20,"s:227:4:229:Infinity":47,"s:228:6:228:Infinity":48,"s:232:6:237:Infinity":49,"b:232:6:237:13:237:13:237:Infinity":21,"f:232:25:232:26":8,"s:232:33:237:8":50,"s:239:4:242:Infinity":51}}}
,"c:\\Users\\kkobr\\code\\SittingPlanner\\src\\utils\\logger.ts": {"path":"c:\\Users\\kkobr\\code\\SittingPlanner\\src\\utils\\logger.ts","statementMap":{"0":{"start":{"line":55,"column":46},"end":{"line":59,"column":null}},"1":{"start":{"line":58,"column":32},"end":{"line":58,"column":null}},"2":{"start":{"line":62,"column":37},"end":{"line":62,"column":null}},"3":{"start":{"line":68,"column":2},"end":{"line":68,"column":null}},"4":{"start":{"line":74,"column":48},"end":{"line":79,"column":null}},"5":{"start":{"line":85,"column":2},"end":{"line":85,"column":null}},"6":{"start":{"line":92,"column":2},"end":{"line":94,"column":null}},"7":{"start":{"line":93,"column":4},"end":{"line":93,"column":null}},"8":{"start":{"line":97,"column":22},"end":{"line":97,"column":null}},"9":{"start":{"line":100,"column":23},"end":{"line":100,"column":null}},"10":{"start":{"line":103,"column":2},"end":{"line":116,"column":null}},"11":{"start":{"line":105,"column":6},"end":{"line":105,"column":null}},"12":{"start":{"line":106,"column":6},"end":{"line":106,"column":null}},"13":{"start":{"line":108,"column":6},"end":{"line":108,"column":null}},"14":{"start":{"line":109,"column":6},"end":{"line":109,"column":null}},"15":{"start":{"line":111,"column":6},"end":{"line":111,"column":null}},"16":{"start":{"line":112,"column":6},"end":{"line":112,"column":null}},"17":{"start":{"line":114,"column":6},"end":{"line":114,"column":null}},"18":{"start":{"line":115,"column":6},"end":{"line":115,"column":null}},"19":{"start":{"line":143,"column":2},"end":{"line":147,"column":null}},"20":{"start":{"line":167,"column":2},"end":{"line":171,"column":null}},"21":{"start":{"line":191,"column":2},"end":{"line":195,"column":null}},"22":{"start":{"line":214,"column":2},"end":{"line":218,"column":null}},"23":{"start":{"line":231,"column":2},"end":{"line":237,"column":null}},"24":{"start":{"line":232,"column":4},"end":{"line":236,"column":null}},"25":{"start":{"line":239,"column":2},"end":{"line":244,"column":null}},"26":{"start":{"line":240,"column":4},"end":{"line":243,"column":null}},"27":{"start":{"line":246,"column":2},"end":{"line":251,"column":null}},"28":{"start":{"line":247,"column":4},"end":{"line":250,"column":null}},"29":{"start":{"line":253,"column":2},"end":{"line":256,"column":null}},"30":{"start":{"line":265,"column":24},"end":{"line":274,"column":null}},"31":{"start":{"line":276,"column":45},"end":{"line":276,"column":null}},"32":{"start":{"line":278,"column":2},"end":{"line":287,"column":null}},"33":{"start":{"line":279,"column":21},"end":{"line":279,"column":null}},"34":{"start":{"line":280,"column":4},"end":{"line":286,"column":null}},"35":{"start":{"line":280,"column":42},"end":{"line":280,"column":70}},"36":{"start":{"line":281,"column":6},"end":{"line":281,"column":null}},"37":{"start":{"line":282,"column":4},"end":{"line":286,"column":null}},"38":{"start":{"line":283,"column":6},"end":{"line":283,"column":null}},"39":{"start":{"line":285,"column":6},"end":{"line":285,"column":null}},"40":{"start":{"line":289,"column":2},"end":{"line":289,"column":null}}},"fnMap":{"0":{"name":"(anonymous_0)","decl":{"start":{"line":58,"column":13},"end":{"line":58,"column":14}},"loc":{"start":{"line":58,"column":32},"end":{"line":58,"column":null}},"line":58},"1":{"name":"configureLogger","decl":{"start":{"line":67,"column":16},"end":{"line":67,"column":32}},"loc":{"start":{"line":67,"column":72},"end":{"line":69,"column":null}},"line":67},"2":{"name":"shouldLog","decl":{"start":{"line":84,"column":9},"end":{"line":84,"column":19}},"loc":{"start":{"line":84,"column":45},"end":{"line":86,"column":null}},"line":84},"3":{"name":"log","decl":{"start":{"line":91,"column":9},"end":{"line":91,"column":13}},"loc":{"start":{"line":91,"column":39},"end":{"line":123,"column":null}},"line":91},"4":{"name":"logError","decl":{"start":{"line":142,"column":16},"end":{"line":142,"column":25}},"loc":{"start":{"line":142,"column":79},"end":{"line":148,"column":null}},"line":142},"5":{"name":"logWarning","decl":{"start":{"line":166,"column":16},"end":{"line":166,"column":27}},"loc":{"start":{"line":166,"column":81},"end":{"line":172,"column":null}},"line":166},"6":{"name":"logInfo","decl":{"start":{"line":190,"column":16},"end":{"line":190,"column":24}},"loc":{"start":{"line":190,"column":78},"end":{"line":196,"column":null}},"line":190},"7":{"name":"logDebug","decl":{"start":{"line":213,"column":16},"end":{"line":213,"column":25}},"loc":{"start":{"line":213,"column":79},"end":{"line":219,"column":null}},"line":213},"8":{"name":"extractErrorInfo","decl":{"start":{"line":226,"column":16},"end":{"line":226,"column":33}},"loc":{"start":{"line":230,"column":2},"end":{"line":257,"column":null}},"line":230},"9":{"name":"sanitizeContext","decl":{"start":{"line":264,"column":16},"end":{"line":264,"column":32}},"loc":{"start":{"line":264,"column":91},"end":{"line":290,"column":null}},"line":264},"10":{"name":"(anonymous_10)","decl":{"start":{"line":280,"column":27},"end":{"line":280,"column":28}},"loc":{"start":{"line":280,"column":42},"end":{"line":280,"column":70}},"line":280}},"branchMap":{"0":{"loc":{"start":{"line":56,"column":13},"end":{"line":56,"column":null}},"type":"cond-expr","locations":[{"start":{"line":56,"column":53},"end":{"line":56,"column":62}},{"start":{"line":56,"column":62},"end":{"line":56,"column":null}}],"line":56},"1":{"loc":{"start":{"line":92,"column":2},"end":{"line":94,"column":null}},"type":"if","locations":[{"start":{"line":92,"column":2},"end":{"line":94,"column":null}},{"start":{},"end":{}}],"line":92},"2":{"loc":{"start":{"line":97,"column":22},"end":{"line":97,"column":null}},"type":"cond-expr","locations":[{"start":{"line":97,"column":49},"end":{"line":97,"column":60}},{"start":{"line":97,"column":60},"end":{"line":97,"column":null}}],"line":97},"3":{"loc":{"start":{"line":103,"column":2},"end":{"line":116,"column":null}},"type":"switch","locations":[{"start":{"line":104,"column":4},"end":{"line":106,"column":null}},{"start":{"line":107,"column":4},"end":{"line":109,"column":null}},{"start":{"line":110,"column":4},"end":{"line":112,"column":null}},{"start":{"line":113,"column":4},"end":{"line":115,"column":null}}],"line":103},"4":{"loc":{"start":{"line":231,"column":2},"end":{"line":237,"column":null}},"type":"if","locations":[{"start":{"line":231,"column":2},"end":{"line":237,"column":null}},{"start":{},"end":{}}],"line":231},"5":{"loc":{"start":{"line":239,"column":2},"end":{"line":244,"column":null}},"type":"if","locations":[{"start":{"line":239,"column":2},"end":{"line":244,"column":null}},{"start":{},"end":{}}],"line":239},"6":{"loc":{"start":{"line":246,"column":2},"end":{"line":251,"column":null}},"type":"if","locations":[{"start":{"line":246,"column":2},"end":{"line":251,"column":null}},{"start":{},"end":{}}],"line":246},"7":{"loc":{"start":{"line":246,"column":6},"end":{"line":246,"column":51}},"type":"binary-expr","locations":[{"start":{"line":246,"column":6},"end":{"line":246,"column":35}},{"start":{"line":246,"column":35},"end":{"line":246,"column":51}}],"line":246},"8":{"loc":{"start":{"line":280,"column":4},"end":{"line":286,"column":null}},"type":"if","locations":[{"start":{"line":280,"column":4},"end":{"line":286,"column":null}},{"start":{"line":282,"column":4},"end":{"line":286,"column":null}}],"line":280},"9":{"loc":{"start":{"line":282,"column":4},"end":{"line":286,"column":null}},"type":"if","locations":[{"start":{"line":282,"column":4},"end":{"line":286,"column":null}},{"start":{"line":284,"column":11},"end":{"line":286,"column":null}}],"line":282},"10":{"loc":{"start":{"line":282,"column":15},"end":{"line":282,"column":85}},"type":"binary-expr","locations":[{"start":{"line":282,"column":15},"end":{"line":282,"column":44}},{"start":{"line":282,"column":44},"end":{"line":282,"column":62}},{"start":{"line":282,"column":62},"end":{"line":282,"column":85}}],"line":282}},"s":{"0":0,"1":0,"2":0,"3":0,"4":0,"5":0,"6":0,"7":0,"8":0,"9":0,"10":0,"11":0,"12":0,"13":0,"14":0,"15":0,"16":0,"17":0,"18":0,"19":0,"20":0,"21":0,"22":0,"23":0,"24":0,"25":0,"26":0,"27":0,"28":0,"29":0,"30":0,"31":0,"32":0,"33":0,"34":0,"35":0,"36":0,"37":0,"38":0,"39":0,"40":0},"f":{"0":0,"1":0,"2":0,"3":0,"4":0,"5":0,"6":0,"7":0,"8":0,"9":0,"10":0},"b":{"0":[0,0],"1":[0,0],"2":[0,0],"3":[0,0,0,0],"4":[0,0],"5":[0,0],"6":[0,0],"7":[0,0],"8":[0,0],"9":[0,0],"10":[0,0,0]},"meta":{"lastBranch":11,"lastFunction":11,"lastStatement":41,"seen":{"s:55:46:59:Infinity":0,"b:56:53:56:62:56:62:56:Infinity":0,"f:58:13:58:14":0,"s:58:32:58:Infinity":1,"s:62:37:62:Infinity":2,"f:67:16:67:32":1,"s:68:2:68:Infinity":3,"s:74:48:79:Infinity":4,"f:84:9:84:19":2,"s:85:2:85:Infinity":5,"f:91:9:91:13":3,"b:92:2:94:Infinity:undefined:undefined:undefined:undefined":1,"s:92:2:94:Infinity":6,"s:93:4:93:Infinity":7,"s:97:22:97:Infinity":8,"b:97:49:97:60:97:60:97:Infinity":2,"s:100:23:100:Infinity":9,"b:104:4:106:Infinity:107:4:109:Infinity:110:4:112:Infinity:113:4:115:Infinity":3,"s:103:2:116:Infinity":10,"s:105:6:105:Infinity":11,"s:106:6:106:Infinity":12,"s:108:6:108:Infinity":13,"s:109:6:109:Infinity":14,"s:111:6:111:Infinity":15,"s:112:6:112:Infinity":16,"s:114:6:114:Infinity":17,"s:115:6:115:Infinity":18,"f:142:16:142:25":4,"s:143:2:147:Infinity":19,"f:166:16:166:27":5,"s:167:2:171:Infinity":20,"f:190:16:190:24":6,"s:191:2:195:Infinity":21,"f:213:16:213:25":7,"s:214:2:218:Infinity":22,"f:226:16:226:33":8,"b:231:2:237:Infinity:undefined:undefined:undefined:undefined":4,"s:231:2:237:Infinity":23,"s:232:4:236:Infinity":24,"b:239:2:244:Infinity:undefined:undefined:undefined:undefined":5,"s:239:2:244:Infinity":25,"s:240:4:243:Infinity":26,"b:246:2:251:Infinity:undefined:undefined:undefined:undefined":6,"s:246:2:251:Infinity":27,"b:246:6:246:35:246:35:246:51":7,"s:247:4:250:Infinity":28,"s:253:2:256:Infinity":29,"f:264:16:264:32":9,"s:265:24:274:Infinity":30,"s:276:45:276:Infinity":31,"s:278:2:287:Infinity":32,"s:279:21:279:Infinity":33,"b:280:4:286:Infinity:282:4:286:Infinity":8,"s:280:4:286:Infinity":34,"f:280:27:280:28":10,"s:280:42:280:70":35,"s:281:6:281:Infinity":36,"b:282:4:286:Infinity:284:11:286:Infinity":9,"s:282:4:286:Infinity":37,"b:282:15:282:44:282:44:282:62:282:62:282:85":10,"s:283:6:283:Infinity":38,"s:285:6:285:Infinity":39,"s:289:2:289:Infinity":40}}}
,"c:\\Users\\kkobr\\code\\SittingPlanner\\src\\validators\\assignments.validator.ts": {"path":"c:\\Users\\kkobr\\code\\SittingPlanner\\src\\validators\\assignments.validator.ts","statementMap":{"0":{"start":{"line":6,"column":42},"end":{"line":18,"column":null}},"1":{"start":{"line":23,"column":38},"end":{"line":40,"column":null}},"2":{"start":{"line":45,"column":43},"end":{"line":50,"column":null}},"3":{"start":{"line":55,"column":38},"end":{"line":68,"column":null}}},"fnMap":{},"branchMap":{},"s":{"0":0,"1":0,"2":0,"3":0},"f":{},"b":{},"meta":{"lastBranch":0,"lastFunction":0,"lastStatement":4,"seen":{"s:6:42:18:Infinity":0,"s:23:38:40:Infinity":1,"s:45:43:50:Infinity":2,"s:55:38:68:Infinity":3}}}
,"c:\\Users\\kkobr\\code\\SittingPlanner\\src\\validators\\auth.validator.ts": {"path":"c:\\Users\\kkobr\\code\\SittingPlanner\\src\\validators\\auth.validator.ts","statementMap":{"0":{"start":{"line":10,"column":37},"end":{"line":22,"column":null}},"1":{"start":{"line":31,"column":34},"end":{"line":39,"column":null}},"2":{"start":{"line":47,"column":42},"end":{"line":53,"column":null}}},"fnMap":{},"branchMap":{},"s":{"0":0,"1":0,"2":0},"f":{},"b":{},"meta":{"lastBranch":0,"lastFunction":0,"lastStatement":3,"seen":{"s:10:37:22:Infinity":0,"s:31:34:39:Infinity":1,"s:47:42:53:Infinity":2}}}
,"c:\\Users\\kkobr\\code\\SittingPlanner\\src\\validators\\events.validator.ts": {"path":"c:\\Users\\kkobr\\code\\SittingPlanner\\src\\validators\\events.validator.ts","statementMap":{"0":{"start":{"line":13,"column":37},"end":{"line":48,"column":null}},"1":{"start":{"line":31,"column":23},"end":{"line":33,"column":null}},"2":{"start":{"line":40,"column":23},"end":{"line":42,"column":null}}},"fnMap":{"0":{"name":"(anonymous_0)","decl":{"start":{"line":31,"column":16},"end":{"line":31,"column":23}},"loc":{"start":{"line":31,"column":23},"end":{"line":33,"column":null}},"line":31},"1":{"name":"(anonymous_1)","decl":{"start":{"line":40,"column":16},"end":{"line":40,"column":23}},"loc":{"start":{"line":40,"column":23},"end":{"line":42,"column":null}},"line":40}},"branchMap":{},"s":{"0":0,"1":0,"2":0},"f":{"0":0,"1":0},"b":{},"meta":{"lastBranch":0,"lastFunction":2,"lastStatement":3,"seen":{"s:13:37:48:Infinity":0,"f:31:16:31:23":0,"s:31:23:33:Infinity":1,"f:40:16:40:23":1,"s:40:23:42:Infinity":2}}}
,"c:\\Users\\kkobr\\code\\SittingPlanner\\src\\validators\\guests.validator.ts": {"path":"c:\\Users\\kkobr\\code\\SittingPlanner\\src\\validators\\guests.validator.ts","statementMap":{"0":{"start":{"line":6,"column":37},"end":{"line":37,"column":null}},"1":{"start":{"line":24,"column":23},"end":{"line":24,"column":null}},"2":{"start":{"line":31,"column":23},"end":{"line":31,"column":null}},"3":{"start":{"line":42,"column":33},"end":{"line":74,"column":null}},"4":{"start":{"line":79,"column":38},"end":{"line":84,"column":null}},"5":{"start":{"line":90,"column":33},"end":{"line":123,"column":null}}},"fnMap":{"0":{"name":"(anonymous_0)","decl":{"start":{"line":24,"column":16},"end":{"line":24,"column":23}},"loc":{"start":{"line":24,"column":23},"end":{"line":24,"column":null}},"line":24},"1":{"name":"(anonymous_1)","decl":{"start":{"line":31,"column":16},"end":{"line":31,"column":23}},"loc":{"start":{"line":31,"column":23},"end":{"line":31,"column":null}},"line":31}},"branchMap":{},"s":{"0":0,"1":0,"2":0,"3":0,"4":0,"5":0},"f":{"0":0,"1":0},"b":{},"meta":{"lastBranch":0,"lastFunction":2,"lastStatement":6,"seen":{"s:6:37:37:Infinity":0,"f:24:16:24:23":0,"s:24:23:24:Infinity":1,"f:31:16:31:23":1,"s:31:23:31:Infinity":2,"s:42:33:74:Infinity":3,"s:79:38:84:Infinity":4,"s:90:33:123:Infinity":5}}}
,"c:\\Users\\kkobr\\code\\SittingPlanner\\src\\validators\\relationships.validator.ts": {"path":"c:\\Users\\kkobr\\code\\SittingPlanner\\src\\validators\\relationships.validator.ts","statementMap":{"0":{"start":{"line":6,"column":44},"end":{"line":36,"column":null}},"1":{"start":{"line":41,"column":40},"end":{"line":70,"column":null}},"2":{"start":{"line":67,"column":20},"end":{"line":67,"column":55}},"3":{"start":{"line":76,"column":40},"end":{"line":91,"column":null}}},"fnMap":{"0":{"name":"(anonymous_0)","decl":{"start":{"line":67,"column":10},"end":{"line":67,"column":11}},"loc":{"start":{"line":67,"column":20},"end":{"line":67,"column":55}},"line":67}},"branchMap":{},"s":{"0":0,"1":0,"2":0,"3":0},"f":{"0":0},"b":{},"meta":{"lastBranch":0,"lastFunction":1,"lastStatement":4,"seen":{"s:6:44:36:Infinity":0,"s:41:40:70:Infinity":1,"f:67:10:67:11":0,"s:67:20:67:55":2,"s:76:40:91:Infinity":3}}}
,"c:\\Users\\kkobr\\code\\SittingPlanner\\src\\validators\\seating-plan.validator.ts": {"path":"c:\\Users\\kkobr\\code\\SittingPlanner\\src\\validators\\seating-plan.validator.ts","statementMap":{"0":{"start":{"line":10,"column":41},"end":{"line":45,"column":null}},"1":{"start":{"line":50,"column":40},"end":{"line":60,"column":null}},"2":{"start":{"line":65,"column":48},"end":{"line":74,"column":null}},"3":{"start":{"line":79,"column":38},"end":{"line":83,"column":null}},"4":{"start":{"line":88,"column":53},"end":{"line":93,"column":null}}},"fnMap":{},"branchMap":{},"s":{"0":0,"1":0,"2":0,"3":0,"4":0},"f":{},"b":{},"meta":{"lastBranch":0,"lastFunction":0,"lastStatement":5,"seen":{"s:10:41:45:Infinity":0,"s:50:40:60:Infinity":1,"s:65:48:74:Infinity":2,"s:79:38:83:Infinity":3,"s:88:53:93:Infinity":4}}}
,"c:\\Users\\kkobr\\code\\SittingPlanner\\src\\validators\\tables.validator.ts": {"path":"c:\\Users\\kkobr\\code\\SittingPlanner\\src\\validators\\tables.validator.ts","statementMap":{"0":{"start":{"line":6,"column":31},"end":{"line":10,"column":null}},"1":{"start":{"line":7,"column":19},"end":{"line":9,"column":null}},"2":{"start":{"line":15,"column":37},"end":{"line":29,"column":null}},"3":{"start":{"line":18,"column":23},"end":{"line":18,"column":null}},"4":{"start":{"line":25,"column":23},"end":{"line":25,"column":null}},"5":{"start":{"line":34,"column":33},"end":{"line":48,"column":null}},"6":{"start":{"line":53,"column":38},"end":{"line":58,"column":null}},"7":{"start":{"line":64,"column":33},"end":{"line":80,"column":null}}},"fnMap":{"0":{"name":"(anonymous_0)","decl":{"start":{"line":7,"column":12},"end":{"line":7,"column":19}},"loc":{"start":{"line":7,"column":19},"end":{"line":9,"column":null}},"line":7},"1":{"name":"(anonymous_1)","decl":{"start":{"line":18,"column":16},"end":{"line":18,"column":23}},"loc":{"start":{"line":18,"column":23},"end":{"line":18,"column":null}},"line":18},"2":{"name":"(anonymous_2)","decl":{"start":{"line":25,"column":16},"end":{"line":25,"column":23}},"loc":{"start":{"line":25,"column":23},"end":{"line":25,"column":null}},"line":25}},"branchMap":{},"s":{"0":0,"1":0,"2":0,"3":0,"4":0,"5":0,"6":0,"7":0},"f":{"0":0,"1":0,"2":0},"b":{},"meta":{"lastBranch":0,"lastFunction":3,"lastStatement":8,"seen":{"s:6:31:10:Infinity":0,"f:7:12:7:19":0,"s:7:19:9:Infinity":1,"s:15:37:29:Infinity":2,"f:18:16:18:23":1,"s:18:23:18:Infinity":3,"f:25:16:25:23":2,"s:25:23:25:Infinity":4,"s:34:33:48:Infinity":5,"s:53:38:58:Infinity":6,"s:64:33:80:Infinity":7}}}
}
